Using pre-set license
Built from '6000.0/staging' branch; Version is '6000.0.31f1 (a206c360e2a8) revision 10618563'; Using compiler version '193933523'; Build Type 'Release'
OS: 'Windows 10  (10.0.19045) 64bit Professional' Language: 'tr' Physical Memory: 32512 MB
BatchMode: 1, IsHumanControllingUs: 0, StartBugReporterOnCrash: 0, Is64bit: 1, IsPro: 1

COMMAND LINE ARGUMENTS:
C:\Program Files\Unity\Hub\Editor\6000.0.31f1\Editor\Unity.exe
-adb2
-batchMode
-noUpm
-name
AssetImportWorker11
-projectPath
C:/Users/ramaz/Documents/Unity/Operasyon
-logFile
Logs/AssetImportWorker11.log
-srvPort
55078
-job-worker-count
9
-background-job-worker-count
8
-gc-helper-count
1
Successfully changed project path to: C:/Users/ramaz/Documents/Unity/Operasyon
C:/Users/ramaz/Documents/Unity/Operasyon
[UnityMemory] Configuration Parameters - Can be set up in boot.config
    "memorysetup-bucket-allocator-granularity=16"
    "memorysetup-bucket-allocator-bucket-count=8"
    "memorysetup-bucket-allocator-block-size=33554432"
    "memorysetup-bucket-allocator-block-count=8"
    "memorysetup-main-allocator-block-size=16777216"
    "memorysetup-thread-allocator-block-size=16777216"
    "memorysetup-gfx-main-allocator-block-size=16777216"
    "memorysetup-gfx-thread-allocator-block-size=16777216"
    "memorysetup-cache-allocator-block-size=4194304"
    "memorysetup-typetree-allocator-block-size=2097152"
    "memorysetup-profiler-bucket-allocator-granularity=16"
    "memorysetup-profiler-bucket-allocator-bucket-count=8"
    "memorysetup-profiler-bucket-allocator-block-size=33554432"
    "memorysetup-profiler-bucket-allocator-block-count=8"
    "memorysetup-profiler-allocator-block-size=16777216"
    "memorysetup-profiler-editor-allocator-block-size=1048576"
    "memorysetup-temp-allocator-size-main=16777216"
    "memorysetup-job-temp-allocator-block-size=2097152"
    "memorysetup-job-temp-allocator-block-size-background=1048576"
    "memorysetup-job-temp-allocator-reduction-small-platforms=262144"
    "memorysetup-allocator-temp-initial-block-size-main=262144"
    "memorysetup-allocator-temp-initial-block-size-worker=262144"
    "memorysetup-temp-allocator-size-background-worker=32768"
    "memorysetup-temp-allocator-size-job-worker=262144"
    "memorysetup-temp-allocator-size-preload-manager=33554432"
    "memorysetup-temp-allocator-size-nav-mesh-worker=65536"
    "memorysetup-temp-allocator-size-audio-worker=65536"
    "memorysetup-temp-allocator-size-cloud-worker=32768"
    "memorysetup-temp-allocator-size-gi-baking-worker=262144"
    "memorysetup-temp-allocator-size-gi-baking-worker=262144"
    "memorysetup-temp-allocator-size-gi-baking-worker=262144"
    "memorysetup-temp-allocator-size-gi-baking-worker=262144"
    "memorysetup-temp-allocator-size-gi-baking-worker=262144"
    "memorysetup-temp-allocator-size-gfx=262144"
Player connection [21316]  Target information:

Player connection [21316]  * "[IP] 192.168.111.1 [Port] 0 [Flags] 2 [Guid] 374822988 [EditorId] 374822988 [Version] 1048832 [Id] WindowsEditor(7,DESKTOP-9D5NC7J) [Debug] 1 [PackageName] WindowsEditor [ProjectName] Editor" 

Player connection [21316]  * "[IP] 192.168.75.1 [Port] 0 [Flags] 2 [Guid] 374822988 [EditorId] 374822988 [Version] 1048832 [Id] WindowsEditor(7,DESKTOP-9D5NC7J) [Debug] 1 [PackageName] WindowsEditor [ProjectName] Editor" 

Player connection [21316]  * "[IP] 192.168.1.27 [Port] 0 [Flags] 2 [Guid] 374822988 [EditorId] 374822988 [Version] 1048832 [Id] WindowsEditor(7,DESKTOP-9D5NC7J) [Debug] 1 [PackageName] WindowsEditor [ProjectName] Editor" 

Player connection [21316] Host joined multi-casting on [225.0.0.222:54997]...
Player connection [21316] Host joined alternative multi-casting on [225.0.0.222:34997]...
JobSystem: Creating JobQueue using job-worker-count value 9
[Physics::Module] Initialized fallback backend.
[Physics::Module] Id: 0xdecafbad
Library Redirect Path: Library/
[Physics::Module] Selected backend.
[Physics::Module] Name: PhysX
[Physics::Module] Id: 0xf2b8ea05
[Physics::Module] SDK Version: 4.1.2
[Physics::Module] Integration Version: 1.0.0
[Physics::Module] Threading Mode: Multi-Threaded
Refreshing native plugins compatible for Editor in 3.41 ms, found 3 plugins.
Preloading 0 native plugins for Editor in 0.00 ms.
Initialize engine version: 6000.0.31f1 (a206c360e2a8)
[Subsystems] Discovering subsystems at path C:/Program Files/Unity/Hub/Editor/6000.0.31f1/Editor/Data/Resources/UnitySubsystems
[Subsystems] Discovering subsystems at path C:/Users/ramaz/Documents/Unity/Operasyon/Assets
GfxDevice: creating device client; kGfxThreadingModeNonThreaded
Direct3D:
    Version:  Direct3D 11.0 [level 11.1]
    Renderer: NVIDIA GeForce RTX 3060 Laptop GPU (ID=0x2520)
    Vendor:   NVIDIA
    VRAM:     5996 MB
    Driver:   32.0.15.6636
Initialize mono
Mono path[0] = 'C:/Program Files/Unity/Hub/Editor/6000.0.31f1/Editor/Data/Managed'
Mono path[1] = 'C:/Program Files/Unity/Hub/Editor/6000.0.31f1/Editor/Data/MonoBleedingEdge/lib/mono/unityjit-win32'
Mono config path = 'C:/Program Files/Unity/Hub/Editor/6000.0.31f1/Editor/Data/MonoBleedingEdge/etc'
Using monoOptions --debugger-agent=transport=dt_socket,embedding=1,server=y,suspend=n,address=127.0.0.1:56968
Begin MonoManager ReloadAssembly
Registering precompiled unity dll's ...
Register platform support module: C:/Program Files/Unity/Hub/Editor/6000.0.31f1/Editor/Data/PlaybackEngines/WebGLSupport/UnityEditor.WebGL.Extensions.dll
Register platform support module: C:/Program Files/Unity/Hub/Editor/6000.0.31f1/Editor/Data/PlaybackEngines/WindowsStandaloneSupport/UnityEditor.WindowsStandalone.Extensions.dll
Registered in 0.006515 seconds.
- Loaded All Assemblies, in  0.589 seconds
Native extension for WindowsStandalone target not found
Native extension for WebGL target not found
Mono: successfully reloaded assembly
- Finished resetting the current domain, in  0.468 seconds
Domain Reload Profiling: 1052ms
	BeginReloadAssembly (211ms)
		ExecutionOrderSort (0ms)
		DisableScriptedObjects (0ms)
		BackupInstance (0ms)
		ReleaseScriptingObjects (0ms)
		CreateAndSetChildDomain (1ms)
	RebuildCommonClasses (55ms)
	RebuildNativeTypeToScriptingClass (19ms)
	initialDomainReloadingComplete (75ms)
	LoadAllAssembliesAndSetupDomain (224ms)
		LoadAssemblies (205ms)
		RebuildTransferFunctionScriptingTraits (0ms)
		AnalyzeDomain (219ms)
			TypeCache.Refresh (217ms)
				TypeCache.ScanAssembly (200ms)
			BuildScriptInfoCaches (0ms)
			ResolveRequiredComponents (1ms)
	FinalizeReload (468ms)
		ReleaseScriptCaches (0ms)
		RebuildScriptCaches (0ms)
		SetupLoadedEditorAssemblies (405ms)
			LogAssemblyErrors (0ms)
			InitializePlatformSupportModulesInManaged (34ms)
			SetLoadedEditorAssemblies (6ms)
			BeforeProcessingInitializeOnLoad (74ms)
			ProcessInitializeOnLoadAttributes (218ms)
			ProcessInitializeOnLoadMethodAttributes (72ms)
			AfterProcessingInitializeOnLoad (0ms)
			EditorAssembliesLoaded (0ms)
		ExecutionOrderSort2 (0ms)
		AwakeInstancesAfterBackupRestoration (0ms)
========================================================================
Worker process is ready to serve import requests
Import Worker Mode flag is 0x00
Begin MonoManager ReloadAssembly
- Loaded All Assemblies, in  1.317 seconds
Refreshing native plugins compatible for Editor in 1.95 ms, found 3 plugins.
Native extension for WindowsStandalone target not found
Native extension for WebGL target not found
Mono: successfully reloaded assembly
- Finished resetting the current domain, in  1.332 seconds
Domain Reload Profiling: 2640ms
	BeginReloadAssembly (322ms)
		ExecutionOrderSort (0ms)
		DisableScriptedObjects (12ms)
		BackupInstance (0ms)
		ReleaseScriptingObjects (0ms)
		CreateAndSetChildDomain (55ms)
	RebuildCommonClasses (58ms)
	RebuildNativeTypeToScriptingClass (19ms)
	initialDomainReloadingComplete (64ms)
	LoadAllAssembliesAndSetupDomain (843ms)
		LoadAssemblies (621ms)
		RebuildTransferFunctionScriptingTraits (0ms)
		AnalyzeDomain (408ms)
			TypeCache.Refresh (267ms)
				TypeCache.ScanAssembly (241ms)
			BuildScriptInfoCaches (119ms)
			ResolveRequiredComponents (19ms)
	FinalizeReload (1333ms)
		ReleaseScriptCaches (0ms)
		RebuildScriptCaches (0ms)
		SetupLoadedEditorAssemblies (1056ms)
			LogAssemblyErrors (0ms)
			InitializePlatformSupportModulesInManaged (6ms)
			SetLoadedEditorAssemblies (8ms)
			BeforeProcessingInitializeOnLoad (186ms)
			ProcessInitializeOnLoadAttributes (718ms)
			ProcessInitializeOnLoadMethodAttributes (126ms)
			AfterProcessingInitializeOnLoad (13ms)
			EditorAssembliesLoaded (0ms)
		ExecutionOrderSort2 (0ms)
		AwakeInstancesAfterBackupRestoration (10ms)
Launched and connected shader compiler UnityShaderCompiler.exe after 0.01 seconds
Refreshing native plugins compatible for Editor in 2.46 ms, found 3 plugins.
Preloading 0 native plugins for Editor in 0.00 ms.
Unloading 231 Unused Serialized files (Serialized files now loaded: 0)
Unloading 5998 unused Assets / (5.5 MB). Loaded Objects now: 6717.
Memory consumption went from 181.0 MB to 175.4 MB.
Total: 14.434300 ms (FindLiveObjects: 1.114000 ms CreateObjectMapping: 0.982700 ms MarkObjects: 8.038900 ms  DeleteObjects: 4.297100 ms)

========================================================================
Received Import Request.
  Time since last request: 171692.968518 seconds.
  path: Assets/Mine/Models
  artifactKey: Guid(83a5e1691a81dba4b9c3d3ed8bb41b0d) Importer(815301076,1909f56bfc062723c751e8b465ee728b)
Start importing Assets/Mine/Models using Guid(83a5e1691a81dba4b9c3d3ed8bb41b0d) Importer(815301076,1909f56bfc062723c751e8b465ee728b) (PreviewImporter) -> (artifact id: '67099ff3ef8ad2cd3f20defe4b98f317') in 0.0075661 seconds
Number of updated asset objects reloaded before import = 0Number of asset objects unloaded after import = 0

========================================================================
Received Import Request.
  Time since last request: 2.080873 seconds.
  path: Assets/Mine/Prefabs
  artifactKey: Guid(582cfeb601c67b243a4b379e893c3aed) Importer(815301076,1909f56bfc062723c751e8b465ee728b)
Start importing Assets/Mine/Prefabs using Guid(582cfeb601c67b243a4b379e893c3aed) Importer(815301076,1909f56bfc062723c751e8b465ee728b) (PreviewImporter) -> (artifact id: '531e419498e328aacd736753a389b584') in 0.0007687 seconds
Number of updated asset objects reloaded before import = 0Number of asset objects unloaded after import = 0

========================================================================
Received Import Request.
  Time since last request: 3.541411 seconds.
  path: Assets/Mine/Example
  artifactKey: Guid(86f78def1a07d264094fb952148a6930) Importer(815301076,1909f56bfc062723c751e8b465ee728b)
Start importing Assets/Mine/Example using Guid(86f78def1a07d264094fb952148a6930) Importer(815301076,1909f56bfc062723c751e8b465ee728b) (PreviewImporter) -> (artifact id: '10303b73d2a1fa3a2f951793b8ae7fe0') in 0.0008431 seconds
Number of updated asset objects reloaded before import = 0Number of asset objects unloaded after import = 0

========================================================================
Received Import Request.
  Time since last request: 3.669495 seconds.
  path: Assets/Mine/Models/Base
  artifactKey: Guid(ac1b0892639cec045a74e6318ddfd542) Importer(815301076,1909f56bfc062723c751e8b465ee728b)
Start importing Assets/Mine/Models/Base using Guid(ac1b0892639cec045a74e6318ddfd542) Importer(815301076,1909f56bfc062723c751e8b465ee728b) (PreviewImporter) -> (artifact id: '11c9e4b805c9a621b3f590bb22133ac9') in 0.0006552 seconds
Number of updated asset objects reloaded before import = 0Number of asset objects unloaded after import = 0

========================================================================
Received Import Request.
  Time since last request: 0.001217 seconds.
  path: Assets/Mine/Models/Base/RampDown.fbx
  artifactKey: Guid(bc953c5f549bcb74bbf77e11ca861fe1) Importer(815301076,1909f56bfc062723c751e8b465ee728b)
Start importing Assets/Mine/Models/Base/RampDown.fbx using Guid(bc953c5f549bcb74bbf77e11ca861fe1) Importer(815301076,1909f56bfc062723c751e8b465ee728b) (PreviewImporter) -> (artifact id: '1a457ae10b97bed6331c47e401c9266d') in 0.9227321 seconds
Number of updated asset objects reloaded before import = 0Number of asset objects unloaded after import = 12

========================================================================
Received Import Request.
  Time since last request: 0.133585 seconds.
  path: Assets/Mine/Models/Base/Materials
  artifactKey: Guid(517c6cb3c252ba649869a453df6b9f99) Importer(815301076,1909f56bfc062723c751e8b465ee728b)
Start importing Assets/Mine/Models/Base/Materials using Guid(517c6cb3c252ba649869a453df6b9f99) Importer(815301076,1909f56bfc062723c751e8b465ee728b) (PreviewImporter) -> (artifact id: 'f0867d544441fe46c659ae008c106562') in 0.0007419 seconds
Number of updated asset objects reloaded before import = 0Number of asset objects unloaded after import = 0

========================================================================
Received Import Request.
  Time since last request: 0.010668 seconds.
  path: Assets/Mine/Models/Base/Materials/Stone.mat
  artifactKey: Guid(ed7e9c97e9f2dd840998071a478c0009) Importer(815301076,1909f56bfc062723c751e8b465ee728b)
Start importing Assets/Mine/Models/Base/Materials/Stone.mat using Guid(ed7e9c97e9f2dd840998071a478c0009) Importer(815301076,1909f56bfc062723c751e8b465ee728b) (PreviewImporter) -> (artifact id: '143e3c019372d584926d06a63af253f4') in 0.1217251 seconds
Number of updated asset objects reloaded before import = 0Number of asset objects unloaded after import = 5

========================================================================
Received Import Request.
  Time since last request: 18.572424 seconds.
  path: Assets/Mine/Models/Props
  artifactKey: Guid(b8a76a0c6d22a424a8b107bd327cba9e) Importer(815301076,1909f56bfc062723c751e8b465ee728b)
Start importing Assets/Mine/Models/Props using Guid(b8a76a0c6d22a424a8b107bd327cba9e) Importer(815301076,1909f56bfc062723c751e8b465ee728b) (PreviewImporter) -> (artifact id: '37ed9fdf187061c507aeb88172ff7429') in 0.0008644 seconds
Number of updated asset objects reloaded before import = 0Number of asset objects unloaded after import = 0

========================================================================
Received Import Request.
  Time since last request: 0.016016 seconds.
  path: Assets/Mine/Models/Props/Crate.fbx
  artifactKey: Guid(e99cbbc806612a7439df9a2d7b6cc1e4) Importer(815301076,1909f56bfc062723c751e8b465ee728b)
Start importing Assets/Mine/Models/Props/Crate.fbx using Guid(e99cbbc806612a7439df9a2d7b6cc1e4) Importer(815301076,1909f56bfc062723c751e8b465ee728b) (PreviewImporter) -> (artifact id: '024f3dddda361ddf9d82e198272e6d33') in 0.0442043 seconds
Number of updated asset objects reloaded before import = 0Number of asset objects unloaded after import = 11

========================================================================
Received Import Request.
  Time since last request: 0.539112 seconds.
  path: Assets/Mine/Models/Props/Materials
  artifactKey: Guid(d6689cc08289334408cd63f228e1653e) Importer(815301076,1909f56bfc062723c751e8b465ee728b)
Start importing Assets/Mine/Models/Props/Materials using Guid(d6689cc08289334408cd63f228e1653e) Importer(815301076,1909f56bfc062723c751e8b465ee728b) (PreviewImporter) -> (artifact id: 'b3b585e50134b1a801d49d3b6514b000') in 0.0007658 seconds
Number of updated asset objects reloaded before import = 0Number of asset objects unloaded after import = 0

========================================================================
Received Import Request.
  Time since last request: 0.001534 seconds.
  path: Assets/Mine/Models/Props/Materials/Crate.mat
  artifactKey: Guid(d44c31fba95ecf34c8bac49e8316a1ab) Importer(815301076,1909f56bfc062723c751e8b465ee728b)
Start importing Assets/Mine/Models/Props/Materials/Crate.mat using Guid(d44c31fba95ecf34c8bac49e8316a1ab) Importer(815301076,1909f56bfc062723c751e8b465ee728b) (PreviewImporter) -> (artifact id: '7ea529f1584ff1bd8e88930cfd1ec7b8') in 0.0211225 seconds
Number of updated asset objects reloaded before import = 0Number of asset objects unloaded after import = 4

========================================================================
Received Import Request.
  Time since last request: 0.000045 seconds.
  path: Assets/Mine/Models/Props/Materials/Wood2.mat
  artifactKey: Guid(327ca0910f3cc494fa525504f0f348cb) Importer(815301076,1909f56bfc062723c751e8b465ee728b)
Start importing Assets/Mine/Models/Props/Materials/Wood2.mat using Guid(327ca0910f3cc494fa525504f0f348cb) Importer(815301076,1909f56bfc062723c751e8b465ee728b) (PreviewImporter) -> (artifact id: 'cd64fc2894000cee432dc949e6b7c070') in 0.023117 seconds
Number of updated asset objects reloaded before import = 0Number of asset objects unloaded after import = 3

========================================================================
Received Import Request.
  Time since last request: 0.000034 seconds.
  path: Assets/Mine/Models/Props/Materials/Lantern_Normal.png
  artifactKey: Guid(445a79ad7f4611b4295ee26a76823223) Importer(815301076,1909f56bfc062723c751e8b465ee728b)
Start importing Assets/Mine/Models/Props/Materials/Lantern_Normal.png using Guid(445a79ad7f4611b4295ee26a76823223) Importer(815301076,1909f56bfc062723c751e8b465ee728b) (PreviewImporter) -> (artifact id: 'dcdb598e3be1fed5ad6c0b4522d0307f') in 0.0418499 seconds
Number of updated asset objects reloaded before import = 0Number of asset objects unloaded after import = 2

========================================================================
Received Import Request.
  Time since last request: 0.000051 seconds.
  path: Assets/Mine/Models/Props/Materials/Wood_AlbedoSmoothness.png
  artifactKey: Guid(b48461d00395344418cf1b5acbabb39b) Importer(815301076,1909f56bfc062723c751e8b465ee728b)
Start importing Assets/Mine/Models/Props/Materials/Wood_AlbedoSmoothness.png using Guid(b48461d00395344418cf1b5acbabb39b) Importer(815301076,1909f56bfc062723c751e8b465ee728b) (PreviewImporter) -> (artifact id: 'b46cc45ad6f856e7e71fe79f58ede89f') in 0.0239002 seconds
Number of updated asset objects reloaded before import = 0Number of asset objects unloaded after import = 2

========================================================================
Received Import Request.
  Time since last request: 21.401187 seconds.
  path: Assets/Mine/Models/Rocks
  artifactKey: Guid(49781ee8395669748953a973e4915be9) Importer(815301076,1909f56bfc062723c751e8b465ee728b)
Start importing Assets/Mine/Models/Rocks using Guid(49781ee8395669748953a973e4915be9) Importer(815301076,1909f56bfc062723c751e8b465ee728b) (PreviewImporter) -> (artifact id: 'f919ee83cd636d4ed6dccfce260f835f') in 0.001257 seconds
Number of updated asset objects reloaded before import = 0Number of asset objects unloaded after import = 0

========================================================================
Received Import Request.
  Time since last request: 0.000034 seconds.
  path: Assets/Mine/Models/Rocks/Ore.fbx
  artifactKey: Guid(483f930f7cf5dca46a4974b3a5f3231a) Importer(815301076,1909f56bfc062723c751e8b465ee728b)
Start importing Assets/Mine/Models/Rocks/Ore.fbx using Guid(483f930f7cf5dca46a4974b3a5f3231a) Importer(815301076,1909f56bfc062723c751e8b465ee728b) (PreviewImporter) -> (artifact id: '41954e94d69b0796c0dd7f3ba14cd64a') in 0.1418774 seconds
Number of updated asset objects reloaded before import = 0Number of asset objects unloaded after import = 20

========================================================================
Received Import Request.
  Time since last request: 0.293153 seconds.
  path: Assets/Mine/Models/Rocks/Materials
  artifactKey: Guid(b4c9e23209b928e4886286c5c8ea5a67) Importer(815301076,1909f56bfc062723c751e8b465ee728b)
Start importing Assets/Mine/Models/Rocks/Materials using Guid(b4c9e23209b928e4886286c5c8ea5a67) Importer(815301076,1909f56bfc062723c751e8b465ee728b) (PreviewImporter) -> (artifact id: 'e2837b90ab57edb43f26275a642d6ddc') in 0.0008786 seconds
Number of updated asset objects reloaded before import = 0Number of asset objects unloaded after import = 0

========================================================================
Received Import Request.
  Time since last request: 0.026214 seconds.
  path: Assets/Mine/Models/Rocks/Materials/OreBlue.mat
  artifactKey: Guid(f78440d871ecd4643bb82c3cbc334e4f) Importer(815301076,1909f56bfc062723c751e8b465ee728b)
Start importing Assets/Mine/Models/Rocks/Materials/OreBlue.mat using Guid(f78440d871ecd4643bb82c3cbc334e4f) Importer(815301076,1909f56bfc062723c751e8b465ee728b) (PreviewImporter) -> (artifact id: '8cbff2ee55518b1804be6bd55ec48dfb') in 0.0120756 seconds
Number of updated asset objects reloaded before import = 0Number of asset objects unloaded after import = 1

========================================================================
Received Import Request.
  Time since last request: 0.000033 seconds.
  path: Assets/Mine/Models/Rocks/Materials/Rock2_AlbedoSmoothness.png
  artifactKey: Guid(2a26642adbd43da49892ee8b009cb655) Importer(815301076,1909f56bfc062723c751e8b465ee728b)
Start importing Assets/Mine/Models/Rocks/Materials/Rock2_AlbedoSmoothness.png using Guid(2a26642adbd43da49892ee8b009cb655) Importer(815301076,1909f56bfc062723c751e8b465ee728b) (PreviewImporter) -> (artifact id: '8a65fb1cbecaccac427550a612c0ba8e') in 0.0300412 seconds
Number of updated asset objects reloaded before import = 0Number of asset objects unloaded after import = 2

========================================================================
Received Import Request.
  Time since last request: 32.920258 seconds.
  path: Assets/Sample/Mine
  artifactKey: Guid(6214b278746a3b54e9ee6abc1f1b1207) Importer(815301076,1909f56bfc062723c751e8b465ee728b)
Start importing Assets/Sample/Mine using Guid(6214b278746a3b54e9ee6abc1f1b1207) Importer(815301076,1909f56bfc062723c751e8b465ee728b) (PreviewImporter) -> (artifact id: '0acf9faadb9bc44e3dc7ff68cbf46d1a') in 0.0011637 seconds
Number of updated asset objects reloaded before import = 0Number of asset objects unloaded after import = 0

========================================================================
Received Import Request.
  Time since last request: 111.187758 seconds.
  path: Assets/ALP_Assets/country house01
  artifactKey: Guid(e02b09e0f624a134b891f5fb60e7aee7) Importer(815301076,1909f56bfc062723c751e8b465ee728b)
Start importing Assets/ALP_Assets/country house01 using Guid(e02b09e0f624a134b891f5fb60e7aee7) Importer(815301076,1909f56bfc062723c751e8b465ee728b) (PreviewImporter) -> (artifact id: 'eea91f8f2f7239b0b39f7983b125e748') in 0.0008343 seconds
Number of updated asset objects reloaded before import = 0Number of asset objects unloaded after import = 0

========================================================================
Received Import Request.
  Time since last request: 4.043371 seconds.
  path: Assets/ALP_Assets/country house01/DemoScene
  artifactKey: Guid(fb0f1082d42da92459e0e560c8285b96) Importer(815301076,1909f56bfc062723c751e8b465ee728b)
Start importing Assets/ALP_Assets/country house01/DemoScene using Guid(fb0f1082d42da92459e0e560c8285b96) Importer(815301076,1909f56bfc062723c751e8b465ee728b) (PreviewImporter) -> (artifact id: '69e44db646ecacf60512a843be1a5db1') in 0.0009595 seconds
Number of updated asset objects reloaded before import = 0Number of asset objects unloaded after import = 0

========================================================================
Received Import Request.
  Time since last request: 0.714971 seconds.
  path: Assets/ALP_Assets/country house01/DemoScene/DemoScene.unity
  artifactKey: Guid(e9ccad99b7b8f6043a28102861b33611) Importer(815301076,1909f56bfc062723c751e8b465ee728b)
Start importing Assets/ALP_Assets/country house01/DemoScene/DemoScene.unity using Guid(e9ccad99b7b8f6043a28102861b33611) Importer(815301076,1909f56bfc062723c751e8b465ee728b) (PreviewImporter) -> (artifact id: 'aff11608a3294b7d26a7e9160d4bf560') in 0.0011521 seconds
Number of updated asset objects reloaded before import = 0Number of asset objects unloaded after import = 0

========================================================================
Received Import Request.
  Time since last request: 2.130702 seconds.
  path: Assets/ALP_Assets/country house01/DemoScene/DemoScene
  artifactKey: Guid(d42ead0290ca2a0459931615b56c4556) Importer(815301076,1909f56bfc062723c751e8b465ee728b)
Start importing Assets/ALP_Assets/country house01/DemoScene/DemoScene using Guid(d42ead0290ca2a0459931615b56c4556) Importer(815301076,1909f56bfc062723c751e8b465ee728b) (PreviewImporter) -> (artifact id: 'f6d2284e449877aa060c2bf4b7d87cb8') in 0.0011021 seconds
Number of updated asset objects reloaded before import = 0Number of asset objects unloaded after import = 0

========================================================================
Received Import Request.
  Time since last request: 0.000849 seconds.
  path: Assets/ALP_Assets/country house01/DemoScene/DemoScene/LightingData.asset
  artifactKey: Guid(37f611c6a8b093c408a3fdf4e0063764) Importer(815301076,1909f56bfc062723c751e8b465ee728b)
Start importing Assets/ALP_Assets/country house01/DemoScene/DemoScene/LightingData.asset using Guid(37f611c6a8b093c408a3fdf4e0063764) Importer(815301076,1909f56bfc062723c751e8b465ee728b) (PreviewImporter) -> (artifact id: 'a798f01bdee94e3d5a6621e298ce7227') in 0.0473757 seconds
Number of updated asset objects reloaded before import = 0Number of asset objects unloaded after import = 2

========================================================================
Received Import Request.
  Time since last request: 1.364494 seconds.
  path: Assets/ALP_Assets/country house01/Materials
  artifactKey: Guid(9c1f1fd32591ac84faefab443f83ea82) Importer(815301076,1909f56bfc062723c751e8b465ee728b)
Start importing Assets/ALP_Assets/country house01/Materials using Guid(9c1f1fd32591ac84faefab443f83ea82) Importer(815301076,1909f56bfc062723c751e8b465ee728b) (PreviewImporter) -> (artifact id: '1533a5f907948c143c8c2d80963d82e6') in 0.0009816 seconds
Number of updated asset objects reloaded before import = 0Number of asset objects unloaded after import = 0

========================================================================
Received Import Request.
  Time since last request: 0.000036 seconds.
  path: Assets/ALP_Assets/country house01/Materials/BakeMat.mat
  artifactKey: Guid(33279a08e1059534c9b5e0e9ab23ea97) Importer(815301076,1909f56bfc062723c751e8b465ee728b)
Start importing Assets/ALP_Assets/country house01/Materials/BakeMat.mat using Guid(33279a08e1059534c9b5e0e9ab23ea97) Importer(815301076,1909f56bfc062723c751e8b465ee728b) (PreviewImporter) -> (artifact id: '1185111cc913903391cbbd6df0d906dd') in 0.0531199 seconds
Number of updated asset objects reloaded before import = 0Number of asset objects unloaded after import = 1

========================================================================
Received Import Request.
  Time since last request: 0.000032 seconds.
  path: Assets/ALP_Assets/country house01/Materials/OldHouseMapWood02.mat
  artifactKey: Guid(ecd128db1118ce547a6d0d43689030e3) Importer(815301076,1909f56bfc062723c751e8b465ee728b)
Start importing Assets/ALP_Assets/country house01/Materials/OldHouseMapWood02.mat using Guid(ecd128db1118ce547a6d0d43689030e3) Importer(815301076,1909f56bfc062723c751e8b465ee728b) (PreviewImporter) -> (artifact id: '86f153a5962c7e2f93f90b0a99bce192') in 0.0455258 seconds
Number of updated asset objects reloaded before import = 0Number of asset objects unloaded after import = 3

========================================================================
Received Import Request.
  Time since last request: 0.000043 seconds.
  path: Assets/ALP_Assets/country house01/Materials/New Material.mat
  artifactKey: Guid(3fd0805e8dc454844ae22682f7b8730b) Importer(815301076,1909f56bfc062723c751e8b465ee728b)
Start importing Assets/ALP_Assets/country house01/Materials/New Material.mat using Guid(3fd0805e8dc454844ae22682f7b8730b) Importer(815301076,1909f56bfc062723c751e8b465ee728b) (PreviewImporter) -> (artifact id: '45390827074a226ce7e379d645ae7e03') in 0.0123398 seconds
Number of updated asset objects reloaded before import = 0Number of asset objects unloaded after import = 1

========================================================================
Received Import Request.
  Time since last request: 0.000044 seconds.
  path: Assets/ALP_Assets/country house01/Materials/OldHouseMapWood01.mat
  artifactKey: Guid(ad127cd095bb88b4c8b9b72ed871525c) Importer(815301076,1909f56bfc062723c751e8b465ee728b)
Start importing Assets/ALP_Assets/country house01/Materials/OldHouseMapWood01.mat using Guid(ad127cd095bb88b4c8b9b72ed871525c) Importer(815301076,1909f56bfc062723c751e8b465ee728b) (PreviewImporter) -> (artifact id: '8368210822d65f6371a39727dd7f9700') in 0.027238 seconds
Number of updated asset objects reloaded before import = 0Number of asset objects unloaded after import = 4

========================================================================
Received Import Request.
  Time since last request: 0.000074 seconds.
  path: Assets/ALP_Assets/country house01/Materials/OldHouseMapIndoorWall01.mat
  artifactKey: Guid(b94a330bb0db9d04294f2eeb76b7f73a) Importer(815301076,1909f56bfc062723c751e8b465ee728b)
Start importing Assets/ALP_Assets/country house01/Materials/OldHouseMapIndoorWall01.mat using Guid(b94a330bb0db9d04294f2eeb76b7f73a) Importer(815301076,1909f56bfc062723c751e8b465ee728b) (PreviewImporter) -> (artifact id: '760754e4ac9c5db6bb9e37913dbfc293') in 0.0361019 seconds
Number of updated asset objects reloaded before import = 0Number of asset objects unloaded after import = 3

========================================================================
Received Import Request.
  Time since last request: 22.948229 seconds.
  path: Assets/ALP_Assets/country house01/Models/Doors.fbx
  artifactKey: Guid(66e1e8886a45bf44893f8dc3927f6cbb) Importer(815301076,1909f56bfc062723c751e8b465ee728b)
Start importing Assets/ALP_Assets/country house01/Models/Doors.fbx using Guid(66e1e8886a45bf44893f8dc3927f6cbb) Importer(815301076,1909f56bfc062723c751e8b465ee728b) (PreviewImporter) -> (artifact id: '96bb561fc0fb0c05f679ee1d9e77eff8') in 0.1185764 seconds
Number of updated asset objects reloaded before import = 0Number of asset objects unloaded after import = 32

========================================================================
Received Import Request.
  Time since last request: 0.848740 seconds.
  path: Assets/ALP_Assets/country house01/Models/Materials/Metal01.mat
  artifactKey: Guid(2915c3f5ec83d0e40b2c36e741dfdcc8) Importer(815301076,1909f56bfc062723c751e8b465ee728b)
Start importing Assets/ALP_Assets/country house01/Models/Materials/Metal01.mat using Guid(2915c3f5ec83d0e40b2c36e741dfdcc8) Importer(815301076,1909f56bfc062723c751e8b465ee728b) (PreviewImporter) -> (artifact id: '0b7140d72c46b358fe25abf21abd61ea') in 0.0128752 seconds
Number of updated asset objects reloaded before import = 0Number of asset objects unloaded after import = 3

Editor requested this worker to shutdown with reason: Scaling down because of idle timeout
AssetImportWorker is now disconnected from the server
Process exiting
Exiting without the bug reporter. Application will terminate with return code 0