Using pre-set license
Built from '6000.0/staging' branch; Version is '6000.0.31f1 (a206c360e2a8) revision 10618563'; Using compiler version '193933523'; Build Type 'Release'
OS: 'Windows 10  (10.0.19045) 64bit Professional' Language: 'tr' Physical Memory: 32512 MB
BatchMode: 1, IsHumanControllingUs: 0, StartBugReporterOnCrash: 0, Is64bit: 1, IsPro: 1

COMMAND LINE ARGUMENTS:
C:\Program Files\Unity\Hub\Editor\6000.0.31f1\Editor\Unity.exe
-adb2
-batchMode
-noUpm
-name
AssetImportWorker0
-projectPath
C:/Users/ramaz/Documents/Unity/Operasyon
-logFile
Logs/AssetImportWorker0.log
-srvPort
50085
-job-worker-count
9
-background-job-worker-count
8
-gc-helper-count
1
Successfully changed project path to: C:/Users/ramaz/Documents/Unity/Operasyon
C:/Users/ramaz/Documents/Unity/Operasyon
[UnityMemory] Configuration Parameters - Can be set up in boot.config
    "memorysetup-bucket-allocator-granularity=16"
    "memorysetup-bucket-allocator-bucket-count=8"
    "memorysetup-bucket-allocator-block-size=33554432"
    "memorysetup-bucket-allocator-block-count=8"
    "memorysetup-main-allocator-block-size=16777216"
    "memorysetup-thread-allocator-block-size=16777216"
    "memorysetup-gfx-main-allocator-block-size=16777216"
    "memorysetup-gfx-thread-allocator-block-size=16777216"
    "memorysetup-cache-allocator-block-size=4194304"
    "memorysetup-typetree-allocator-block-size=2097152"
    "memorysetup-profiler-bucket-allocator-granularity=16"
    "memorysetup-profiler-bucket-allocator-bucket-count=8"
    "memorysetup-profiler-bucket-allocator-block-size=33554432"
    "memorysetup-profiler-bucket-allocator-block-count=8"
    "memorysetup-profiler-allocator-block-size=16777216"
    "memorysetup-profiler-editor-allocator-block-size=1048576"
    "memorysetup-temp-allocator-size-main=16777216"
    "memorysetup-job-temp-allocator-block-size=2097152"
    "memorysetup-job-temp-allocator-block-size-background=1048576"
    "memorysetup-job-temp-allocator-reduction-small-platforms=262144"
    "memorysetup-allocator-temp-initial-block-size-main=262144"
    "memorysetup-allocator-temp-initial-block-size-worker=262144"
    "memorysetup-temp-allocator-size-background-worker=32768"
    "memorysetup-temp-allocator-size-job-worker=262144"
    "memorysetup-temp-allocator-size-preload-manager=33554432"
    "memorysetup-temp-allocator-size-nav-mesh-worker=65536"
    "memorysetup-temp-allocator-size-audio-worker=65536"
    "memorysetup-temp-allocator-size-cloud-worker=32768"
    "memorysetup-temp-allocator-size-gi-baking-worker=262144"
    "memorysetup-temp-allocator-size-gi-baking-worker=262144"
    "memorysetup-temp-allocator-size-gi-baking-worker=262144"
    "memorysetup-temp-allocator-size-gi-baking-worker=262144"
    "memorysetup-temp-allocator-size-gi-baking-worker=262144"
    "memorysetup-temp-allocator-size-gfx=262144"
Player connection [11836]  Target information:

Player connection [11836]  * "[IP] 192.168.111.1 [Port] 0 [Flags] 2 [Guid] 2265824449 [EditorId] 2265824449 [Version] 1048832 [Id] WindowsEditor(7,DESKTOP-9D5NC7J) [Debug] 1 [PackageName] WindowsEditor [ProjectName] Editor" 

Player connection [11836]  * "[IP] 192.168.75.1 [Port] 0 [Flags] 2 [Guid] 2265824449 [EditorId] 2265824449 [Version] 1048832 [Id] WindowsEditor(7,DESKTOP-9D5NC7J) [Debug] 1 [PackageName] WindowsEditor [ProjectName] Editor" 

Player connection [11836]  * "[IP] 192.168.1.27 [Port] 0 [Flags] 2 [Guid] 2265824449 [EditorId] 2265824449 [Version] 1048832 [Id] WindowsEditor(7,DESKTOP-9D5NC7J) [Debug] 1 [PackageName] WindowsEditor [ProjectName] Editor" 

Player connection [11836] Host joined multi-casting on [225.0.0.222:54997]...
Player connection [11836] Host joined alternative multi-casting on [225.0.0.222:34997]...
JobSystem: Creating JobQueue using job-worker-count value 9
[Physics::Module] Initialized fallback backend.
[Physics::Module] Id: 0xdecafbad
Library Redirect Path: Library/
[Physics::Module] Selected backend.
[Physics::Module] Name: PhysX
[Physics::Module] Id: 0xf2b8ea05
[Physics::Module] SDK Version: 4.1.2
[Physics::Module] Integration Version: 1.0.0
[Physics::Module] Threading Mode: Multi-Threaded
Refreshing native plugins compatible for Editor in 2.76 ms, found 3 plugins.
Preloading 0 native plugins for Editor in 0.00 ms.
Initialize engine version: 6000.0.31f1 (a206c360e2a8)
[Subsystems] Discovering subsystems at path C:/Program Files/Unity/Hub/Editor/6000.0.31f1/Editor/Data/Resources/UnitySubsystems
[Subsystems] Discovering subsystems at path C:/Users/ramaz/Documents/Unity/Operasyon/Assets
GfxDevice: creating device client; kGfxThreadingModeNonThreaded
Direct3D:
    Version:  Direct3D 11.0 [level 11.1]
    Renderer: NVIDIA GeForce RTX 3060 Laptop GPU (ID=0x2520)
    Vendor:   NVIDIA
    VRAM:     5996 MB
    Driver:   32.0.15.6636
Initialize mono
Mono path[0] = 'C:/Program Files/Unity/Hub/Editor/6000.0.31f1/Editor/Data/Managed'
Mono path[1] = 'C:/Program Files/Unity/Hub/Editor/6000.0.31f1/Editor/Data/MonoBleedingEdge/lib/mono/unityjit-win32'
Mono config path = 'C:/Program Files/Unity/Hub/Editor/6000.0.31f1/Editor/Data/MonoBleedingEdge/etc'
Using monoOptions --debugger-agent=transport=dt_socket,embedding=1,server=y,suspend=n,address=127.0.0.1:56320
Begin MonoManager ReloadAssembly
Registering precompiled unity dll's ...
Register platform support module: C:/Program Files/Unity/Hub/Editor/6000.0.31f1/Editor/Data/PlaybackEngines/WebGLSupport/UnityEditor.WebGL.Extensions.dll
Register platform support module: C:/Program Files/Unity/Hub/Editor/6000.0.31f1/Editor/Data/PlaybackEngines/WindowsStandaloneSupport/UnityEditor.WindowsStandalone.Extensions.dll
Registered in 0.007131 seconds.
- Loaded All Assemblies, in  0.556 seconds
Native extension for WindowsStandalone target not found
Native extension for WebGL target not found
Mono: successfully reloaded assembly
- Finished resetting the current domain, in  0.477 seconds
Domain Reload Profiling: 1029ms
	BeginReloadAssembly (187ms)
		ExecutionOrderSort (0ms)
		DisableScriptedObjects (0ms)
		BackupInstance (0ms)
		ReleaseScriptingObjects (0ms)
		CreateAndSetChildDomain (1ms)
	RebuildCommonClasses (50ms)
	RebuildNativeTypeToScriptingClass (17ms)
	initialDomainReloadingComplete (80ms)
	LoadAllAssembliesAndSetupDomain (218ms)
		LoadAssemblies (183ms)
		RebuildTransferFunctionScriptingTraits (0ms)
		AnalyzeDomain (213ms)
			TypeCache.Refresh (211ms)
				TypeCache.ScanAssembly (194ms)
			BuildScriptInfoCaches (0ms)
			ResolveRequiredComponents (1ms)
	FinalizeReload (477ms)
		ReleaseScriptCaches (0ms)
		RebuildScriptCaches (0ms)
		SetupLoadedEditorAssemblies (416ms)
			LogAssemblyErrors (0ms)
			InitializePlatformSupportModulesInManaged (36ms)
			SetLoadedEditorAssemblies (6ms)
			BeforeProcessingInitializeOnLoad (78ms)
			ProcessInitializeOnLoadAttributes (223ms)
			ProcessInitializeOnLoadMethodAttributes (73ms)
			AfterProcessingInitializeOnLoad (0ms)
			EditorAssembliesLoaded (0ms)
		ExecutionOrderSort2 (0ms)
		AwakeInstancesAfterBackupRestoration (0ms)
========================================================================
Worker process is ready to serve import requests
Import Worker Mode flag is 0x00
Begin MonoManager ReloadAssembly
- Loaded All Assemblies, in  1.130 seconds
Refreshing native plugins compatible for Editor in 1.72 ms, found 3 plugins.
Native extension for WindowsStandalone target not found
Native extension for WebGL target not found
Mono: successfully reloaded assembly
- Finished resetting the current domain, in  1.103 seconds
Domain Reload Profiling: 2224ms
	BeginReloadAssembly (250ms)
		ExecutionOrderSort (0ms)
		DisableScriptedObjects (9ms)
		BackupInstance (0ms)
		ReleaseScriptingObjects (0ms)
		CreateAndSetChildDomain (35ms)
	RebuildCommonClasses (49ms)
	RebuildNativeTypeToScriptingClass (17ms)
	initialDomainReloadingComplete (61ms)
	LoadAllAssembliesAndSetupDomain (744ms)
		LoadAssemblies (530ms)
		RebuildTransferFunctionScriptingTraits (0ms)
		AnalyzeDomain (364ms)
			TypeCache.Refresh (251ms)
				TypeCache.ScanAssembly (226ms)
			BuildScriptInfoCaches (94ms)
			ResolveRequiredComponents (15ms)
	FinalizeReload (1103ms)
		ReleaseScriptCaches (0ms)
		RebuildScriptCaches (0ms)
		SetupLoadedEditorAssemblies (879ms)
			LogAssemblyErrors (0ms)
			InitializePlatformSupportModulesInManaged (4ms)
			SetLoadedEditorAssemblies (7ms)
			BeforeProcessingInitializeOnLoad (144ms)
			ProcessInitializeOnLoadAttributes (598ms)
			ProcessInitializeOnLoadMethodAttributes (115ms)
			AfterProcessingInitializeOnLoad (11ms)
			EditorAssembliesLoaded (0ms)
		ExecutionOrderSort2 (0ms)
		AwakeInstancesAfterBackupRestoration (8ms)
Launched and connected shader compiler UnityShaderCompiler.exe after 0.01 seconds
Refreshing native plugins compatible for Editor in 2.12 ms, found 3 plugins.
Preloading 0 native plugins for Editor in 0.00 ms.
Unloading 232 Unused Serialized files (Serialized files now loaded: 0)
Unloading 5998 unused Assets / (5.8 MB). Loaded Objects now: 6719.
Memory consumption went from 181.8 MB to 176.0 MB.
Total: 12.350400 ms (FindLiveObjects: 0.944300 ms CreateObjectMapping: 0.679000 ms MarkObjects: 6.653200 ms  DeleteObjects: 4.071700 ms)

========================================================================
Received Import Request.
  Time since last request: 733.817973 seconds.
  path: Assets/Sample/HQ Hangar Free/Materials/Concret_floor_wet.mat
  artifactKey: Guid(be21f5838915e1041896868ceeffc3c5) Importer(815301076,1909f56bfc062723c751e8b465ee728b)
Start importing Assets/Sample/HQ Hangar Free/Materials/Concret_floor_wet.mat using Guid(be21f5838915e1041896868ceeffc3c5) Importer(815301076,1909f56bfc062723c751e8b465ee728b) (PreviewImporter) -> (artifact id: '4d7624391aea3db82c255df639f311a8') in 0.8502944 seconds
Number of updated asset objects reloaded before import = 0Number of asset objects unloaded after import = 4

========================================================================
Received Import Request.
  Time since last request: 0.000083 seconds.
  path: Assets/Sample/HQ Hangar Free/Materials/Sheet_metal.mat
  artifactKey: Guid(94fd1101550f8354f92d44d9edd8b0ac) Importer(815301076,1909f56bfc062723c751e8b465ee728b)
Start importing Assets/Sample/HQ Hangar Free/Materials/Sheet_metal.mat using Guid(94fd1101550f8354f92d44d9edd8b0ac) Importer(815301076,1909f56bfc062723c751e8b465ee728b) (PreviewImporter) -> (artifact id: '20d7b71a931b41eca6f3d93216af8b2f') in 0.0841315 seconds
Number of updated asset objects reloaded before import = 0Number of asset objects unloaded after import = 4

========================================================================
Received Import Request.
  Time since last request: 330.092943 seconds.
  path: Assets/Sample/Flooded_Grounds/PostProcessing/Editor/Attributes
  artifactKey: Guid(cc5c690f549b4704eb992a9be781554d) Importer(815301076,1909f56bfc062723c751e8b465ee728b)
Start importing Assets/Sample/Flooded_Grounds/PostProcessing/Editor/Attributes using Guid(cc5c690f549b4704eb992a9be781554d) Importer(815301076,1909f56bfc062723c751e8b465ee728b) (PreviewImporter) -> (artifact id: '1937ec0dc7ab2ec163da18205e006839') in 0.0125004 seconds
Number of updated asset objects reloaded before import = 0Number of asset objects unloaded after import = 0

========================================================================
Received Import Request.
  Time since last request: 89.024728 seconds.
  path: Assets/Sample/Flooded_Grounds/Prefabs/Nature/Trees/TreeCreator_Bush_A_Textures
  artifactKey: Guid(a46d6c033f1eded4ea50ec5c97a500eb) Importer(815301076,1909f56bfc062723c751e8b465ee728b)
Start importing Assets/Sample/Flooded_Grounds/Prefabs/Nature/Trees/TreeCreator_Bush_A_Textures using Guid(a46d6c033f1eded4ea50ec5c97a500eb) Importer(815301076,1909f56bfc062723c751e8b465ee728b) (PreviewImporter) -> (artifact id: 'dce36b2987e5713e571130f4ca5eb363') in 0.0119515 seconds
Number of updated asset objects reloaded before import = 0Number of asset objects unloaded after import = 0

========================================================================
Received Import Request.
  Time since last request: 0.025420 seconds.
  path: Assets/Sample/Flooded_Grounds/Prefabs/Nature/Trees/TreeCreator_Bush_A_Textures/diffuse.png
  artifactKey: Guid(68d09744ca1bfa148a24bb472ecb2456) Importer(815301076,1909f56bfc062723c751e8b465ee728b)
Start importing Assets/Sample/Flooded_Grounds/Prefabs/Nature/Trees/TreeCreator_Bush_A_Textures/diffuse.png using Guid(68d09744ca1bfa148a24bb472ecb2456) Importer(815301076,1909f56bfc062723c751e8b465ee728b) (PreviewImporter) -> (artifact id: 'b110889793ec6b952184d41d03f2f7ab') in 0.0284429 seconds
Number of updated asset objects reloaded before import = 0Number of asset objects unloaded after import = 2

========================================================================
Received Import Request.
  Time since last request: 0.000021 seconds.
  path: Assets/Sample/Flooded_Grounds/Prefabs/Nature/Trees/TreeCreator_Bush_A_Textures/translucency_gloss.png
  artifactKey: Guid(0a44ed8ceb7b4db46ada6743f85699ff) Importer(815301076,1909f56bfc062723c751e8b465ee728b)
Start importing Assets/Sample/Flooded_Grounds/Prefabs/Nature/Trees/TreeCreator_Bush_A_Textures/translucency_gloss.png using Guid(0a44ed8ceb7b4db46ada6743f85699ff) Importer(815301076,1909f56bfc062723c751e8b465ee728b) (PreviewImporter) -> (artifact id: '320aa03e065c4cf4f268b60620e677ff') in 0.0268906 seconds
Number of updated asset objects reloaded before import = 0Number of asset objects unloaded after import = 2

========================================================================
Received Import Request.
  Time since last request: 2.820298 seconds.
  path: Assets/Sample/Flooded_Grounds/Prefabs/Nature/Trees/TreeCreator_Crinkly_A_Textures
  artifactKey: Guid(cb9c6d28c03cc0d48a16f909f8e48800) Importer(815301076,1909f56bfc062723c751e8b465ee728b)
Start importing Assets/Sample/Flooded_Grounds/Prefabs/Nature/Trees/TreeCreator_Crinkly_A_Textures using Guid(cb9c6d28c03cc0d48a16f909f8e48800) Importer(815301076,1909f56bfc062723c751e8b465ee728b) (PreviewImporter) -> (artifact id: '670c9bdfb9863a2b739506f0ce1bd564') in 0.0114742 seconds
Number of updated asset objects reloaded before import = 0Number of asset objects unloaded after import = 0

========================================================================
Received Import Request.
  Time since last request: 0.020347 seconds.
  path: Assets/Sample/Flooded_Grounds/Prefabs/Nature/Trees/TreeCreator_Crinkly_A_Textures/diffuse.png
  artifactKey: Guid(751f84b02bf3975469a3bab18df92ab2) Importer(815301076,1909f56bfc062723c751e8b465ee728b)
Start importing Assets/Sample/Flooded_Grounds/Prefabs/Nature/Trees/TreeCreator_Crinkly_A_Textures/diffuse.png using Guid(751f84b02bf3975469a3bab18df92ab2) Importer(815301076,1909f56bfc062723c751e8b465ee728b) (PreviewImporter) -> (artifact id: '6d93746060af9dd2ad2e3a6ad06a095f') in 0.0232158 seconds
Number of updated asset objects reloaded before import = 0Number of asset objects unloaded after import = 2

========================================================================
Received Import Request.
  Time since last request: 0.000025 seconds.
  path: Assets/Sample/Flooded_Grounds/Prefabs/Nature/Trees/TreeCreator_Crinkly_A_Textures/shadow.png
  artifactKey: Guid(a109731f7be02264c86b7bcaffbad21d) Importer(815301076,1909f56bfc062723c751e8b465ee728b)
Start importing Assets/Sample/Flooded_Grounds/Prefabs/Nature/Trees/TreeCreator_Crinkly_A_Textures/shadow.png using Guid(a109731f7be02264c86b7bcaffbad21d) Importer(815301076,1909f56bfc062723c751e8b465ee728b) (PreviewImporter) -> (artifact id: '6125df50d2f06c871fb190aa9805ff4a') in 0.0152103 seconds
Number of updated asset objects reloaded before import = 0Number of asset objects unloaded after import = 2

