Using pre-set license
Built from '6000.0/staging' branch; Version is '6000.0.31f1 (a206c360e2a8) revision 10618563'; Using compiler version '193933523'; Build Type 'Release'
OS: 'Windows 10  (10.0.19045) 64bit Professional' Language: 'tr' Physical Memory: 32512 MB
BatchMode: 1, IsHumanControllingUs: 0, StartBugReporterOnCrash: 0, Is64bit: 1, IsPro: 1

COMMAND LINE ARGUMENTS:
C:\Program Files\Unity\Hub\Editor\6000.0.31f1\Editor\Unity.exe
-adb2
-batchMode
-noUpm
-name
AssetImportWorker6
-projectPath
C:/Users/ramaz/Documents/Unity/Operasyon
-logFile
Logs/AssetImportWorker6.log
-srvPort
55078
-job-worker-count
9
-background-job-worker-count
8
-gc-helper-count
1
Successfully changed project path to: C:/Users/ramaz/Documents/Unity/Operasyon
C:/Users/ramaz/Documents/Unity/Operasyon
[UnityMemory] Configuration Parameters - Can be set up in boot.config
    "memorysetup-bucket-allocator-granularity=16"
    "memorysetup-bucket-allocator-bucket-count=8"
    "memorysetup-bucket-allocator-block-size=33554432"
    "memorysetup-bucket-allocator-block-count=8"
    "memorysetup-main-allocator-block-size=16777216"
    "memorysetup-thread-allocator-block-size=16777216"
    "memorysetup-gfx-main-allocator-block-size=16777216"
    "memorysetup-gfx-thread-allocator-block-size=16777216"
    "memorysetup-cache-allocator-block-size=4194304"
    "memorysetup-typetree-allocator-block-size=2097152"
    "memorysetup-profiler-bucket-allocator-granularity=16"
    "memorysetup-profiler-bucket-allocator-bucket-count=8"
    "memorysetup-profiler-bucket-allocator-block-size=33554432"
    "memorysetup-profiler-bucket-allocator-block-count=8"
    "memorysetup-profiler-allocator-block-size=16777216"
    "memorysetup-profiler-editor-allocator-block-size=1048576"
    "memorysetup-temp-allocator-size-main=16777216"
    "memorysetup-job-temp-allocator-block-size=2097152"
    "memorysetup-job-temp-allocator-block-size-background=1048576"
    "memorysetup-job-temp-allocator-reduction-small-platforms=262144"
    "memorysetup-allocator-temp-initial-block-size-main=262144"
    "memorysetup-allocator-temp-initial-block-size-worker=262144"
    "memorysetup-temp-allocator-size-background-worker=32768"
    "memorysetup-temp-allocator-size-job-worker=262144"
    "memorysetup-temp-allocator-size-preload-manager=33554432"
    "memorysetup-temp-allocator-size-nav-mesh-worker=65536"
    "memorysetup-temp-allocator-size-audio-worker=65536"
    "memorysetup-temp-allocator-size-cloud-worker=32768"
    "memorysetup-temp-allocator-size-gi-baking-worker=262144"
    "memorysetup-temp-allocator-size-gi-baking-worker=262144"
    "memorysetup-temp-allocator-size-gi-baking-worker=262144"
    "memorysetup-temp-allocator-size-gi-baking-worker=262144"
    "memorysetup-temp-allocator-size-gi-baking-worker=262144"
    "memorysetup-temp-allocator-size-gfx=262144"
Player connection [10440]  Target information:

Player connection [10440]  * "[IP] 192.168.111.1 [Port] 0 [Flags] 2 [Guid] 2308888660 [EditorId] 2308888660 [Version] 1048832 [Id] WindowsEditor(7,DESKTOP-9D5NC7J) [Debug] 1 [PackageName] WindowsEditor [ProjectName] Editor" 

Player connection [10440]  * "[IP] 192.168.75.1 [Port] 0 [Flags] 2 [Guid] 2308888660 [EditorId] 2308888660 [Version] 1048832 [Id] WindowsEditor(7,DESKTOP-9D5NC7J) [Debug] 1 [PackageName] WindowsEditor [ProjectName] Editor" 

Player connection [10440]  * "[IP] 192.168.1.27 [Port] 0 [Flags] 2 [Guid] 2308888660 [EditorId] 2308888660 [Version] 1048832 [Id] WindowsEditor(7,DESKTOP-9D5NC7J) [Debug] 1 [PackageName] WindowsEditor [ProjectName] Editor" 

Player connection [10440] Host joined multi-casting on [225.0.0.222:54997]...
Player connection [10440] Host joined alternative multi-casting on [225.0.0.222:34997]...
JobSystem: Creating JobQueue using job-worker-count value 9
[Physics::Module] Initialized fallback backend.
[Physics::Module] Id: 0xdecafbad
Library Redirect Path: Library/
[Physics::Module] Selected backend.
[Physics::Module] Name: PhysX
[Physics::Module] Id: 0xf2b8ea05
[Physics::Module] SDK Version: 4.1.2
[Physics::Module] Integration Version: 1.0.0
[Physics::Module] Threading Mode: Multi-Threaded
Refreshing native plugins compatible for Editor in 2.64 ms, found 3 plugins.
Preloading 0 native plugins for Editor in 0.00 ms.
Initialize engine version: 6000.0.31f1 (a206c360e2a8)
[Subsystems] Discovering subsystems at path C:/Program Files/Unity/Hub/Editor/6000.0.31f1/Editor/Data/Resources/UnitySubsystems
[Subsystems] Discovering subsystems at path C:/Users/ramaz/Documents/Unity/Operasyon/Assets
GfxDevice: creating device client; kGfxThreadingModeNonThreaded
Direct3D:
    Version:  Direct3D 11.0 [level 11.1]
    Renderer: NVIDIA GeForce RTX 3060 Laptop GPU (ID=0x2520)
    Vendor:   NVIDIA
    VRAM:     5996 MB
    Driver:   32.0.15.6636
Initialize mono
Mono path[0] = 'C:/Program Files/Unity/Hub/Editor/6000.0.31f1/Editor/Data/Managed'
Mono path[1] = 'C:/Program Files/Unity/Hub/Editor/6000.0.31f1/Editor/Data/MonoBleedingEdge/lib/mono/unityjit-win32'
Mono config path = 'C:/Program Files/Unity/Hub/Editor/6000.0.31f1/Editor/Data/MonoBleedingEdge/etc'
Using monoOptions --debugger-agent=transport=dt_socket,embedding=1,server=y,suspend=n,address=127.0.0.1:56076
Begin MonoManager ReloadAssembly
Registering precompiled unity dll's ...
Register platform support module: C:/Program Files/Unity/Hub/Editor/6000.0.31f1/Editor/Data/PlaybackEngines/WebGLSupport/UnityEditor.WebGL.Extensions.dll
Register platform support module: C:/Program Files/Unity/Hub/Editor/6000.0.31f1/Editor/Data/PlaybackEngines/WindowsStandaloneSupport/UnityEditor.WindowsStandalone.Extensions.dll
Registered in 0.005756 seconds.
- Loaded All Assemblies, in  0.496 seconds
Native extension for WindowsStandalone target not found
Native extension for WebGL target not found
Mono: successfully reloaded assembly
- Finished resetting the current domain, in  0.464 seconds
Domain Reload Profiling: 957ms
	BeginReloadAssembly (172ms)
		ExecutionOrderSort (0ms)
		DisableScriptedObjects (0ms)
		BackupInstance (0ms)
		ReleaseScriptingObjects (0ms)
		CreateAndSetChildDomain (1ms)
	RebuildCommonClasses (43ms)
	RebuildNativeTypeToScriptingClass (16ms)
	initialDomainReloadingComplete (66ms)
	LoadAllAssembliesAndSetupDomain (196ms)
		LoadAssemblies (166ms)
		RebuildTransferFunctionScriptingTraits (0ms)
		AnalyzeDomain (192ms)
			TypeCache.Refresh (190ms)
				TypeCache.ScanAssembly (173ms)
			BuildScriptInfoCaches (0ms)
			ResolveRequiredComponents (1ms)
	FinalizeReload (464ms)
		ReleaseScriptCaches (0ms)
		RebuildScriptCaches (0ms)
		SetupLoadedEditorAssemblies (395ms)
			LogAssemblyErrors (0ms)
			InitializePlatformSupportModulesInManaged (41ms)
			SetLoadedEditorAssemblies (7ms)
			BeforeProcessingInitializeOnLoad (75ms)
			ProcessInitializeOnLoadAttributes (196ms)
			ProcessInitializeOnLoadMethodAttributes (75ms)
			AfterProcessingInitializeOnLoad (0ms)
			EditorAssembliesLoaded (0ms)
		ExecutionOrderSort2 (0ms)
		AwakeInstancesAfterBackupRestoration (0ms)
========================================================================
Worker process is ready to serve import requests
Import Worker Mode flag is 0x00
Begin MonoManager ReloadAssembly
- Loaded All Assemblies, in  0.974 seconds
Refreshing native plugins compatible for Editor in 1.43 ms, found 3 plugins.
Native extension for WindowsStandalone target not found
Native extension for WebGL target not found
Mono: successfully reloaded assembly
- Finished resetting the current domain, in  1.222 seconds
Domain Reload Profiling: 2188ms
	BeginReloadAssembly (214ms)
		ExecutionOrderSort (0ms)
		DisableScriptedObjects (8ms)
		BackupInstance (0ms)
		ReleaseScriptingObjects (0ms)
		CreateAndSetChildDomain (32ms)
	RebuildCommonClasses (42ms)
	RebuildNativeTypeToScriptingClass (16ms)
	initialDomainReloadingComplete (51ms)
	LoadAllAssembliesAndSetupDomain (643ms)
		LoadAssemblies (459ms)
		RebuildTransferFunctionScriptingTraits (0ms)
		AnalyzeDomain (317ms)
			TypeCache.Refresh (218ms)
				TypeCache.ScanAssembly (198ms)
			BuildScriptInfoCaches (82ms)
			ResolveRequiredComponents (14ms)
	FinalizeReload (1222ms)
		ReleaseScriptCaches (0ms)
		RebuildScriptCaches (0ms)
		SetupLoadedEditorAssemblies (999ms)
			LogAssemblyErrors (0ms)
			InitializePlatformSupportModulesInManaged (5ms)
			SetLoadedEditorAssemblies (7ms)
			BeforeProcessingInitializeOnLoad (158ms)
			ProcessInitializeOnLoadAttributes (681ms)
			ProcessInitializeOnLoadMethodAttributes (134ms)
			AfterProcessingInitializeOnLoad (14ms)
			EditorAssembliesLoaded (0ms)
		ExecutionOrderSort2 (0ms)
		AwakeInstancesAfterBackupRestoration (10ms)
Launched and connected shader compiler UnityShaderCompiler.exe after 0.01 seconds
Refreshing native plugins compatible for Editor in 2.02 ms, found 3 plugins.
Preloading 0 native plugins for Editor in 0.00 ms.
Unloading 231 Unused Serialized files (Serialized files now loaded: 0)
Unloading 5998 unused Assets / (5.4 MB). Loaded Objects now: 6717.
Memory consumption went from 182.8 MB to 177.4 MB.
Total: 13.392100 ms (FindLiveObjects: 1.127700 ms CreateObjectMapping: 0.585800 ms MarkObjects: 7.379200 ms  DeleteObjects: 4.297200 ms)

========================================================================
Received Import Request.
  Time since last request: 170980.073876 seconds.
  path: Assets/Sample/Flooded_Grounds/Scenes/PreAsembeld_Buildings/ReflectionProbe-0.exr
  artifactKey: Guid(9612794de5911d34d8a2c8ac214468f7) Importer(815301076,1909f56bfc062723c751e8b465ee728b)
Start importing Assets/Sample/Flooded_Grounds/Scenes/PreAsembeld_Buildings/ReflectionProbe-0.exr using Guid(9612794de5911d34d8a2c8ac214468f7) Importer(815301076,1909f56bfc062723c751e8b465ee728b) (PreviewImporter) -> (artifact id: '03d6c683e5a45ec005604f1498e0cf39') in 0.7277218 seconds
Number of updated asset objects reloaded before import = 0Number of asset objects unloaded after import = 1

========================================================================
Received Import Request.
  Time since last request: 30.507475 seconds.
  path: Assets/Sample/Flooded_Grounds/Prefabs/Sounds/2D_Horn.prefab
  artifactKey: Guid(27ad1d4b823b95243a1e74fc7c44f791) Importer(815301076,1909f56bfc062723c751e8b465ee728b)
Start importing Assets/Sample/Flooded_Grounds/Prefabs/Sounds/2D_Horn.prefab using Guid(27ad1d4b823b95243a1e74fc7c44f791) Importer(815301076,1909f56bfc062723c751e8b465ee728b) (PreviewImporter) -> (artifact id: 'ae717971ca0a2fa62176b09583aa4560') in 0.0468419 seconds
Number of updated asset objects reloaded before import = 0Number of asset objects unloaded after import = 6

========================================================================
Received Import Request.
  Time since last request: 0.000036 seconds.
  path: Assets/Sample/Flooded_Grounds/Prefabs/Sounds/2D_Wind.prefab
  artifactKey: Guid(01ac61172cf97144dbbfbc83fc317917) Importer(815301076,1909f56bfc062723c751e8b465ee728b)
Start importing Assets/Sample/Flooded_Grounds/Prefabs/Sounds/2D_Wind.prefab using Guid(01ac61172cf97144dbbfbc83fc317917) Importer(815301076,1909f56bfc062723c751e8b465ee728b) (PreviewImporter) -> (artifact id: '20ff7d509d5be4d1d137e738738e18a2') in 0.153465 seconds
Number of updated asset objects reloaded before import = 0Number of asset objects unloaded after import = 6

========================================================================
Received Import Request.
  Time since last request: 0.000043 seconds.
  path: Assets/Sample/Flooded_Grounds/Prefabs/Sounds/3D_Taps.prefab
  artifactKey: Guid(5c7ab60be45c27348a11ef4a24df7c72) Importer(815301076,1909f56bfc062723c751e8b465ee728b)
Start importing Assets/Sample/Flooded_Grounds/Prefabs/Sounds/3D_Taps.prefab using Guid(5c7ab60be45c27348a11ef4a24df7c72) Importer(815301076,1909f56bfc062723c751e8b465ee728b) (PreviewImporter) -> (artifact id: 'fc11cea1ea90e32dd170f1cc6561d0e9') in 0.0434815 seconds
Number of updated asset objects reloaded before import = 0Number of asset objects unloaded after import = 6

========================================================================
Received Import Request.
  Time since last request: 2.260967 seconds.
  path: Assets/Sample/Flooded_Grounds/Prefabs/Props/Prop_Bed_B.prefab
  artifactKey: Guid(91365c327d21a0343b4fa73a722f938d) Importer(815301076,1909f56bfc062723c751e8b465ee728b)
Start importing Assets/Sample/Flooded_Grounds/Prefabs/Props/Prop_Bed_B.prefab using Guid(91365c327d21a0343b4fa73a722f938d) Importer(815301076,1909f56bfc062723c751e8b465ee728b) (PreviewImporter) -> (artifact id: '0a5ceb7ee686bfacc90ea1b22c19539d') in 0.0934469 seconds
Number of updated asset objects reloaded before import = 0Number of asset objects unloaded after import = 27

========================================================================
Received Import Request.
  Time since last request: 0.000038 seconds.
  path: Assets/Sample/Flooded_Grounds/Prefabs/Props/Prop_ChurchBench_A_DM.prefab
  artifactKey: Guid(fe816015a58e629439b27ecca9cdb110) Importer(815301076,1909f56bfc062723c751e8b465ee728b)
Start importing Assets/Sample/Flooded_Grounds/Prefabs/Props/Prop_ChurchBench_A_DM.prefab using Guid(fe816015a58e629439b27ecca9cdb110) Importer(815301076,1909f56bfc062723c751e8b465ee728b) (PreviewImporter) -> (artifact id: '4a2aa1befb523c495e42e25607349093') in 0.0526389 seconds
Number of updated asset objects reloaded before import = 0Number of asset objects unloaded after import = 27

========================================================================
Received Import Request.
  Time since last request: 0.000051 seconds.
  path: Assets/Sample/Flooded_Grounds/Prefabs/Props/Prop_Lamp_A.prefab
  artifactKey: Guid(c9ec0cf2c9954d144bcfcefa4161913f) Importer(815301076,1909f56bfc062723c751e8b465ee728b)
Start importing Assets/Sample/Flooded_Grounds/Prefabs/Props/Prop_Lamp_A.prefab using Guid(c9ec0cf2c9954d144bcfcefa4161913f) Importer(815301076,1909f56bfc062723c751e8b465ee728b) (PreviewImporter) -> (artifact id: '833359d5d0ffa54f17252f5d20890b63') in 0.0435537 seconds
Number of updated asset objects reloaded before import = 0Number of asset objects unloaded after import = 26

========================================================================
Received Import Request.
  Time since last request: 0.000037 seconds.
  path: Assets/Sample/Flooded_Grounds/Prefabs/Props/Prop_Rug_B.prefab
  artifactKey: Guid(fac85779e5fda1c4493c6d5276271dde) Importer(815301076,1909f56bfc062723c751e8b465ee728b)
Start importing Assets/Sample/Flooded_Grounds/Prefabs/Props/Prop_Rug_B.prefab using Guid(fac85779e5fda1c4493c6d5276271dde) Importer(815301076,1909f56bfc062723c751e8b465ee728b) (PreviewImporter) -> (artifact id: '8cd2f9d7bad0cf5480303d3203db5bd7') in 0.1047353 seconds
Number of updated asset objects reloaded before import = 0Number of asset objects unloaded after import = 16

========================================================================
Received Import Request.
  Time since last request: 0.000047 seconds.
  path: Assets/Sample/Flooded_Grounds/Prefabs/Props/Prop_Gravestone_B.prefab
  artifactKey: Guid(f36479c73ce938a4a946477482ce20ab) Importer(815301076,1909f56bfc062723c751e8b465ee728b)
Start importing Assets/Sample/Flooded_Grounds/Prefabs/Props/Prop_Gravestone_B.prefab using Guid(f36479c73ce938a4a946477482ce20ab) Importer(815301076,1909f56bfc062723c751e8b465ee728b) (PreviewImporter) -> (artifact id: 'b1e8404186837da46326aeeba1e5fb24') in 0.0876034 seconds
Number of updated asset objects reloaded before import = 0Number of asset objects unloaded after import = 19

========================================================================
Received Import Request.
  Time since last request: 0.000053 seconds.
  path: Assets/Sample/Flooded_Grounds/Prefabs/Props/Prop_Gravestone_C.prefab
  artifactKey: Guid(513a0e1241d2a72459d1db2f9dc27f3e) Importer(815301076,1909f56bfc062723c751e8b465ee728b)
Start importing Assets/Sample/Flooded_Grounds/Prefabs/Props/Prop_Gravestone_C.prefab using Guid(513a0e1241d2a72459d1db2f9dc27f3e) Importer(815301076,1909f56bfc062723c751e8b465ee728b) (PreviewImporter) -> (artifact id: '83fdbfe51d9a09053a4cfd08f2b26124') in 0.0710961 seconds
Number of updated asset objects reloaded before import = 0Number of asset objects unloaded after import = 19

========================================================================
Received Import Request.
  Time since last request: 0.000043 seconds.
  path: Assets/Sample/Flooded_Grounds/Prefabs/Props/Prop_Ship_A.prefab
  artifactKey: Guid(8a98dd32bb1a39c4eb50296503009ea2) Importer(815301076,1909f56bfc062723c751e8b465ee728b)
Start importing Assets/Sample/Flooded_Grounds/Prefabs/Props/Prop_Ship_A.prefab using Guid(8a98dd32bb1a39c4eb50296503009ea2) Importer(815301076,1909f56bfc062723c751e8b465ee728b) (PreviewImporter) -> (artifact id: '9364ed53603ae3387e65ec5390fa8e9c') in 0.1547334 seconds
Number of updated asset objects reloaded before import = 0Number of asset objects unloaded after import = 35

========================================================================
Received Import Request.
  Time since last request: 0.000041 seconds.
  path: Assets/Sample/Flooded_Grounds/Prefabs/Props/Prop_SmallTable_A.prefab
  artifactKey: Guid(d23cbbfe0da7d2548ad2401d0323c728) Importer(815301076,1909f56bfc062723c751e8b465ee728b)
Start importing Assets/Sample/Flooded_Grounds/Prefabs/Props/Prop_SmallTable_A.prefab using Guid(d23cbbfe0da7d2548ad2401d0323c728) Importer(815301076,1909f56bfc062723c751e8b465ee728b) (PreviewImporter) -> (artifact id: 'dbcfa9681f8195af70557fbaddf50eaa') in 0.046519 seconds
Number of updated asset objects reloaded before import = 0Number of asset objects unloaded after import = 27

========================================================================
Received Import Request.
  Time since last request: 0.000064 seconds.
  path: Assets/Sample/Flooded_Grounds/Prefabs/Props/Prop_Clock_A.prefab
  artifactKey: Guid(1e627c2e1810cde4897b566ba90fd986) Importer(815301076,1909f56bfc062723c751e8b465ee728b)
Start importing Assets/Sample/Flooded_Grounds/Prefabs/Props/Prop_Clock_A.prefab using Guid(1e627c2e1810cde4897b566ba90fd986) Importer(815301076,1909f56bfc062723c751e8b465ee728b) (PreviewImporter) -> (artifact id: '640bb41a90f17d77fc4eb000058bc16a') in 0.0493776 seconds
Number of updated asset objects reloaded before import = 0Number of asset objects unloaded after import = 27

========================================================================
Received Import Request.
  Time since last request: 0.000093 seconds.
  path: Assets/Sample/Flooded_Grounds/Prefabs/Props/Prop_ChurchBench_A.prefab
  artifactKey: Guid(51e1ec27a31e16a4ba99622c680fd8ec) Importer(815301076,1909f56bfc062723c751e8b465ee728b)
Start importing Assets/Sample/Flooded_Grounds/Prefabs/Props/Prop_ChurchBench_A.prefab using Guid(51e1ec27a31e16a4ba99622c680fd8ec) Importer(815301076,1909f56bfc062723c751e8b465ee728b) (PreviewImporter) -> (artifact id: 'f9109135981001a720fc6b54f6dbbf9c') in 0.0525639 seconds
Number of updated asset objects reloaded before import = 0Number of asset objects unloaded after import = 27

========================================================================
Received Import Request.
  Time since last request: 0.000042 seconds.
  path: Assets/Sample/Flooded_Grounds/Prefabs/Props/Prop_FlyingSaucer_Animated.prefab
  artifactKey: Guid(4a4e3f66b8637cc4b881bf8912acff4f) Importer(815301076,1909f56bfc062723c751e8b465ee728b)
Start importing Assets/Sample/Flooded_Grounds/Prefabs/Props/Prop_FlyingSaucer_Animated.prefab using Guid(4a4e3f66b8637cc4b881bf8912acff4f) Importer(815301076,1909f56bfc062723c751e8b465ee728b) (PreviewImporter) -> (artifact id: '645b2adf55224b499788b651a555e118') in 0.0957452 seconds
Number of updated asset objects reloaded before import = 0Number of asset objects unloaded after import = 31

========================================================================
Received Import Request.
  Time since last request: 0.000053 seconds.
  path: Assets/Sample/Flooded_Grounds/Prefabs/Props/Prop_Chair_A.prefab
  artifactKey: Guid(ab34233292d193c47948f094a12fc6c7) Importer(815301076,1909f56bfc062723c751e8b465ee728b)
Start importing Assets/Sample/Flooded_Grounds/Prefabs/Props/Prop_Chair_A.prefab using Guid(ab34233292d193c47948f094a12fc6c7) Importer(815301076,1909f56bfc062723c751e8b465ee728b) (PreviewImporter) -> (artifact id: '87a24e951d344d3506809c5cf1a40a20') in 0.0473063 seconds
Number of updated asset objects reloaded before import = 0Number of asset objects unloaded after import = 27

========================================================================
Received Import Request.
  Time since last request: 0.000043 seconds.
  path: Assets/Sample/Flooded_Grounds/Prefabs/Props/Prop_Lamp_E.prefab
  artifactKey: Guid(5d0e2f3c9733ad24c8a19d2e89ac5add) Importer(815301076,1909f56bfc062723c751e8b465ee728b)
Start importing Assets/Sample/Flooded_Grounds/Prefabs/Props/Prop_Lamp_E.prefab using Guid(5d0e2f3c9733ad24c8a19d2e89ac5add) Importer(815301076,1909f56bfc062723c751e8b465ee728b) (PreviewImporter) -> (artifact id: 'ddf54e1f460500ccb1ac43d11f644bbb') in 0.0515416 seconds
Number of updated asset objects reloaded before import = 0Number of asset objects unloaded after import = 27

========================================================================
Received Import Request.
  Time since last request: 0.000065 seconds.
  path: Assets/Sample/Flooded_Grounds/Prefabs/Props/Prop_Car1_DM.prefab
  artifactKey: Guid(b3b7096fbf59bdd479179c99cd86d823) Importer(815301076,1909f56bfc062723c751e8b465ee728b)
Start importing Assets/Sample/Flooded_Grounds/Prefabs/Props/Prop_Car1_DM.prefab using Guid(b3b7096fbf59bdd479179c99cd86d823) Importer(815301076,1909f56bfc062723c751e8b465ee728b) (PreviewImporter) -> (artifact id: 'cbf77759b74659a39c0695b080c9a28f') in 0.0791984 seconds
Number of updated asset objects reloaded before import = 0Number of asset objects unloaded after import = 32

========================================================================
Received Import Request.
  Time since last request: 0.000053 seconds.
  path: Assets/Sample/Flooded_Grounds/Prefabs/Props/Prop_Vase_B.prefab
  artifactKey: Guid(d56462b3ff64676458a7fead7cda0e5f) Importer(815301076,1909f56bfc062723c751e8b465ee728b)
Start importing Assets/Sample/Flooded_Grounds/Prefabs/Props/Prop_Vase_B.prefab using Guid(d56462b3ff64676458a7fead7cda0e5f) Importer(815301076,1909f56bfc062723c751e8b465ee728b) (PreviewImporter) -> (artifact id: '76ef0828166184480782ebf5a1323793') in 0.0538617 seconds
Number of updated asset objects reloaded before import = 0Number of asset objects unloaded after import = 27

========================================================================
Received Import Request.
  Time since last request: 0.000048 seconds.
  path: Assets/Sample/Flooded_Grounds/Prefabs/Props/Prop_Painting_A.prefab
  artifactKey: Guid(041b5985f303614469cc18a9f5eca9d3) Importer(815301076,1909f56bfc062723c751e8b465ee728b)
Start importing Assets/Sample/Flooded_Grounds/Prefabs/Props/Prop_Painting_A.prefab using Guid(041b5985f303614469cc18a9f5eca9d3) Importer(815301076,1909f56bfc062723c751e8b465ee728b) (PreviewImporter) -> (artifact id: 'ae22ca717bcde331d3c0701897029f4a') in 0.0453092 seconds
Number of updated asset objects reloaded before import = 0Number of asset objects unloaded after import = 16

========================================================================
Received Import Request.
  Time since last request: 0.000036 seconds.
  path: Assets/Sample/Flooded_Grounds/Prefabs/Props/Prop_Lamp_C.prefab
  artifactKey: Guid(5f0de5ff8858bdd408bd91760c8c70da) Importer(815301076,1909f56bfc062723c751e8b465ee728b)
Start importing Assets/Sample/Flooded_Grounds/Prefabs/Props/Prop_Lamp_C.prefab using Guid(5f0de5ff8858bdd408bd91760c8c70da) Importer(815301076,1909f56bfc062723c751e8b465ee728b) (PreviewImporter) -> (artifact id: '0757e1534b4b636096f8b15f1b7ebaf4') in 0.0497474 seconds
Number of updated asset objects reloaded before import = 0Number of asset objects unloaded after import = 27

========================================================================
Received Import Request.
  Time since last request: 0.000040 seconds.
  path: Assets/Sample/Flooded_Grounds/Prefabs/Props/Prop_Rug_D.prefab
  artifactKey: Guid(e33a26c53858bbd42ae3880d4443fc61) Importer(815301076,1909f56bfc062723c751e8b465ee728b)
Start importing Assets/Sample/Flooded_Grounds/Prefabs/Props/Prop_Rug_D.prefab using Guid(e33a26c53858bbd42ae3880d4443fc61) Importer(815301076,1909f56bfc062723c751e8b465ee728b) (PreviewImporter) -> (artifact id: 'f1fb3b88abfec2dc043617cbe9b67527') in 0.0512474 seconds
Number of updated asset objects reloaded before import = 0Number of asset objects unloaded after import = 16

========================================================================
Received Import Request.
  Time since last request: 0.000054 seconds.
  path: Assets/Sample/Flooded_Grounds/Prefabs/Props/Prop_Painting_C.prefab
  artifactKey: Guid(8b04cd075f5ebc74a866cece42007aed) Importer(815301076,1909f56bfc062723c751e8b465ee728b)
Start importing Assets/Sample/Flooded_Grounds/Prefabs/Props/Prop_Painting_C.prefab using Guid(8b04cd075f5ebc74a866cece42007aed) Importer(815301076,1909f56bfc062723c751e8b465ee728b) (PreviewImporter) -> (artifact id: 'a7d612623715389f993622b15bffb5ea') in 0.046906 seconds
Number of updated asset objects reloaded before import = 0Number of asset objects unloaded after import = 16

========================================================================
Received Import Request.
  Time since last request: 0.000052 seconds.
  path: Assets/Sample/Flooded_Grounds/Prefabs/Props/Prop_LargeTable_A.prefab
  artifactKey: Guid(a11e981b37ff86749a7a41b2999e3199) Importer(815301076,1909f56bfc062723c751e8b465ee728b)
Start importing Assets/Sample/Flooded_Grounds/Prefabs/Props/Prop_LargeTable_A.prefab using Guid(a11e981b37ff86749a7a41b2999e3199) Importer(815301076,1909f56bfc062723c751e8b465ee728b) (PreviewImporter) -> (artifact id: 'fd1ce33505070bd83a8581853c9af54a') in 0.0574235 seconds
Number of updated asset objects reloaded before import = 0Number of asset objects unloaded after import = 27

========================================================================
Received Import Request.
  Time since last request: 12.352188 seconds.
  path: Assets/Sample/Flooded_Grounds/Prefabs/Nature/Rocks/CobbleRock_C.prefab
  artifactKey: Guid(675dd002390c04947b66a330d6ce7727) Importer(815301076,1909f56bfc062723c751e8b465ee728b)
Start importing Assets/Sample/Flooded_Grounds/Prefabs/Nature/Rocks/CobbleRock_C.prefab using Guid(675dd002390c04947b66a330d6ce7727) Importer(815301076,1909f56bfc062723c751e8b465ee728b) (PreviewImporter) -> (artifact id: 'f7fd57111bd94007591073e641e268a4') in 0.0492955 seconds
Number of updated asset objects reloaded before import = 0Number of asset objects unloaded after import = 28

========================================================================
Received Import Request.
  Time since last request: 0.000035 seconds.
  path: Assets/Sample/Flooded_Grounds/Prefabs/Nature/Rocks/CobbleRock_F.prefab
  artifactKey: Guid(758be797b2a1f0e48a305f88f9784d43) Importer(815301076,1909f56bfc062723c751e8b465ee728b)
Start importing Assets/Sample/Flooded_Grounds/Prefabs/Nature/Rocks/CobbleRock_F.prefab using Guid(758be797b2a1f0e48a305f88f9784d43) Importer(815301076,1909f56bfc062723c751e8b465ee728b) (PreviewImporter) -> (artifact id: 'b71796f9341f9f0508597616e018ea63') in 0.0489987 seconds
Number of updated asset objects reloaded before import = 0Number of asset objects unloaded after import = 28

========================================================================
Received Import Request.
  Time since last request: 2.229934 seconds.
  path: Assets/Sample/Flooded_Grounds/Prefabs/Nature/Grass/Grass_Med_C.prefab
  artifactKey: Guid(de006beaac36de64d9a2c3569ad1be67) Importer(815301076,1909f56bfc062723c751e8b465ee728b)
Start importing Assets/Sample/Flooded_Grounds/Prefabs/Nature/Grass/Grass_Med_C.prefab using Guid(de006beaac36de64d9a2c3569ad1be67) Importer(815301076,1909f56bfc062723c751e8b465ee728b) (PreviewImporter) -> (artifact id: 'a88a2fae1f98635f8953b584944fdcb3') in 0.0347976 seconds
Number of updated asset objects reloaded before import = 0Number of asset objects unloaded after import = 10

========================================================================
Received Import Request.
  Time since last request: 0.000035 seconds.
  path: Assets/Sample/Flooded_Grounds/Prefabs/Nature/Grass/Grass_Tall_A.prefab
  artifactKey: Guid(303e052397d101d4593b4a0653331030) Importer(815301076,1909f56bfc062723c751e8b465ee728b)
Start importing Assets/Sample/Flooded_Grounds/Prefabs/Nature/Grass/Grass_Tall_A.prefab using Guid(303e052397d101d4593b4a0653331030) Importer(815301076,1909f56bfc062723c751e8b465ee728b) (PreviewImporter) -> (artifact id: '6c10bfa999b11b1c9e91f0c99f7cffbe') in 0.0376581 seconds
Number of updated asset objects reloaded before import = 0Number of asset objects unloaded after import = 10

========================================================================
Received Import Request.
  Time since last request: 1.597152 seconds.
  path: Assets/Sample/Flooded_Grounds/Prefabs/Nature/Bushes/DecoBush_C.prefab
  artifactKey: Guid(4d42826861e3f864c8c01be559eeb48a) Importer(815301076,1909f56bfc062723c751e8b465ee728b)
Start importing Assets/Sample/Flooded_Grounds/Prefabs/Nature/Bushes/DecoBush_C.prefab using Guid(4d42826861e3f864c8c01be559eeb48a) Importer(815301076,1909f56bfc062723c751e8b465ee728b) (PreviewImporter) -> (artifact id: '0a81ec2d0e51b134773b18c336fac695') in 0.0391418 seconds
Number of updated asset objects reloaded before import = 0Number of asset objects unloaded after import = 13

========================================================================
Received Import Request.
  Time since last request: 41.454528 seconds.
  path: Assets/Sample/Flooded_Grounds/PostProcessing/Resources/Bluenoise64/LDR_LLL1_2.png
  artifactKey: Guid(a469f920b21fc7c4fb5b950917ce2fb2) Importer(815301076,1909f56bfc062723c751e8b465ee728b)
Start importing Assets/Sample/Flooded_Grounds/PostProcessing/Resources/Bluenoise64/LDR_LLL1_2.png using Guid(a469f920b21fc7c4fb5b950917ce2fb2) Importer(815301076,1909f56bfc062723c751e8b465ee728b) (PreviewImporter) -> (artifact id: '2544ddff9f4759834a09a6fac4419fd9') in 0.0300143 seconds
Number of updated asset objects reloaded before import = 0Number of asset objects unloaded after import = 2

========================================================================
Received Import Request.
  Time since last request: 0.000035 seconds.
  path: Assets/Sample/Flooded_Grounds/PostProcessing/Resources/Bluenoise64/LDR_LLL1_7.png
  artifactKey: Guid(3ac02e7e783571c468f9c086d2384ba7) Importer(815301076,1909f56bfc062723c751e8b465ee728b)
Start importing Assets/Sample/Flooded_Grounds/PostProcessing/Resources/Bluenoise64/LDR_LLL1_7.png using Guid(3ac02e7e783571c468f9c086d2384ba7) Importer(815301076,1909f56bfc062723c751e8b465ee728b) (PreviewImporter) -> (artifact id: 'c3d8e7b5070073ec383de0b929e88faa') in 0.0211976 seconds
Number of updated asset objects reloaded before import = 0Number of asset objects unloaded after import = 2

========================================================================
Received Import Request.
  Time since last request: 0.000030 seconds.
  path: Assets/Sample/Flooded_Grounds/PostProcessing/Resources/Bluenoise64/LDR_LLL1_11.png
  artifactKey: Guid(771903fe7b4674445829e52e91cff019) Importer(815301076,1909f56bfc062723c751e8b465ee728b)
Start importing Assets/Sample/Flooded_Grounds/PostProcessing/Resources/Bluenoise64/LDR_LLL1_11.png using Guid(771903fe7b4674445829e52e91cff019) Importer(815301076,1909f56bfc062723c751e8b465ee728b) (PreviewImporter) -> (artifact id: 'fb9e2806f3e4ec932f9666ba4580afa7') in 0.0157496 seconds
Number of updated asset objects reloaded before import = 0Number of asset objects unloaded after import = 2

========================================================================
Received Import Request.
  Time since last request: 0.000033 seconds.
  path: Assets/Sample/Flooded_Grounds/PostProcessing/Resources/Bluenoise64/LDR_LLL1_19.png
  artifactKey: Guid(729a3ae164bcb3b4380459386adcf331) Importer(815301076,1909f56bfc062723c751e8b465ee728b)
Start importing Assets/Sample/Flooded_Grounds/PostProcessing/Resources/Bluenoise64/LDR_LLL1_19.png using Guid(729a3ae164bcb3b4380459386adcf331) Importer(815301076,1909f56bfc062723c751e8b465ee728b) (PreviewImporter) -> (artifact id: '421d5ee0a4f5dd6ec435e096d000ddc7') in 0.0148478 seconds
Number of updated asset objects reloaded before import = 0Number of asset objects unloaded after import = 2

========================================================================
Received Import Request.
  Time since last request: 0.000050 seconds.
  path: Assets/Sample/Flooded_Grounds/PostProcessing/Resources/Bluenoise64/LDR_LLL1_18.png
  artifactKey: Guid(74aca53eb7273624baffc2bf5e5cc173) Importer(815301076,1909f56bfc062723c751e8b465ee728b)
Start importing Assets/Sample/Flooded_Grounds/PostProcessing/Resources/Bluenoise64/LDR_LLL1_18.png using Guid(74aca53eb7273624baffc2bf5e5cc173) Importer(815301076,1909f56bfc062723c751e8b465ee728b) (PreviewImporter) -> (artifact id: '0afcebadfcec763c9c81ed6a2b74e3df') in 0.0141757 seconds
Number of updated asset objects reloaded before import = 0Number of asset objects unloaded after import = 2

========================================================================
Received Import Request.
  Time since last request: 0.000028 seconds.
  path: Assets/Sample/Flooded_Grounds/PostProcessing/Resources/Bluenoise64/LDR_LLL1_30.png
  artifactKey: Guid(0fa10b21877c61b4db40ba5708815f81) Importer(815301076,1909f56bfc062723c751e8b465ee728b)
Start importing Assets/Sample/Flooded_Grounds/PostProcessing/Resources/Bluenoise64/LDR_LLL1_30.png using Guid(0fa10b21877c61b4db40ba5708815f81) Importer(815301076,1909f56bfc062723c751e8b465ee728b) (PreviewImporter) -> (artifact id: '81e4827b09854d1a68661256fb9ccaf1') in 0.0145747 seconds
Number of updated asset objects reloaded before import = 0Number of asset objects unloaded after import = 2

========================================================================
Received Import Request.
  Time since last request: 0.000032 seconds.
  path: Assets/Sample/Flooded_Grounds/PostProcessing/Resources/Bluenoise64/LDR_LLL1_42.png
  artifactKey: Guid(b266511438fae724f9d3ce6bd26583e8) Importer(815301076,1909f56bfc062723c751e8b465ee728b)
Start importing Assets/Sample/Flooded_Grounds/PostProcessing/Resources/Bluenoise64/LDR_LLL1_42.png using Guid(b266511438fae724f9d3ce6bd26583e8) Importer(815301076,1909f56bfc062723c751e8b465ee728b) (PreviewImporter) -> (artifact id: '2f1e77a1df3619ccc3f8af06c71112c4') in 0.0154695 seconds
Number of updated asset objects reloaded before import = 0Number of asset objects unloaded after import = 2

========================================================================
Received Import Request.
  Time since last request: 0.000030 seconds.
  path: Assets/Sample/Flooded_Grounds/PostProcessing/Resources/Bluenoise64/LDR_LLL1_50.png
  artifactKey: Guid(d8c290e38ff0425409d0ae6a98c95e41) Importer(815301076,1909f56bfc062723c751e8b465ee728b)
Start importing Assets/Sample/Flooded_Grounds/PostProcessing/Resources/Bluenoise64/LDR_LLL1_50.png using Guid(d8c290e38ff0425409d0ae6a98c95e41) Importer(815301076,1909f56bfc062723c751e8b465ee728b) (PreviewImporter) -> (artifact id: '0d9924f56fab32ee76c694dfe29f5462') in 0.0147005 seconds
Number of updated asset objects reloaded before import = 0Number of asset objects unloaded after import = 2

========================================================================
Received Import Request.
  Time since last request: 0.000074 seconds.
  path: Assets/Sample/Flooded_Grounds/PostProcessing/Resources/Bluenoise64/LDR_LLL1_57.png
  artifactKey: Guid(e138166e7a7c70f49943be7edda35d35) Importer(815301076,1909f56bfc062723c751e8b465ee728b)
Start importing Assets/Sample/Flooded_Grounds/PostProcessing/Resources/Bluenoise64/LDR_LLL1_57.png using Guid(e138166e7a7c70f49943be7edda35d35) Importer(815301076,1909f56bfc062723c751e8b465ee728b) (PreviewImporter) -> (artifact id: 'b1e2149c167f2746aa18f634eb206869') in 0.0181775 seconds
Number of updated asset objects reloaded before import = 0Number of asset objects unloaded after import = 2

========================================================================
Received Import Request.
  Time since last request: 0.000082 seconds.
  path: Assets/Sample/Flooded_Grounds/PostProcessing/Resources/Bluenoise64/LDR_LLL1_62.png
  artifactKey: Guid(a03c400b0e3959f428ee99dfc6cfc263) Importer(815301076,1909f56bfc062723c751e8b465ee728b)
Start importing Assets/Sample/Flooded_Grounds/PostProcessing/Resources/Bluenoise64/LDR_LLL1_62.png using Guid(a03c400b0e3959f428ee99dfc6cfc263) Importer(815301076,1909f56bfc062723c751e8b465ee728b) (PreviewImporter) -> (artifact id: 'c70ef8b0530e390d75d541bd9335d387') in 0.0188787 seconds
Number of updated asset objects reloaded before import = 0Number of asset objects unloaded after import = 2

========================================================================
Received Import Request.
  Time since last request: 0.000064 seconds.
  path: Assets/Sample/Flooded_Grounds/PostProcessing/Resources/Bluenoise64/LDR_LLL1_44.png
  artifactKey: Guid(15e54aa23a938444389469d53765d741) Importer(815301076,1909f56bfc062723c751e8b465ee728b)
Start importing Assets/Sample/Flooded_Grounds/PostProcessing/Resources/Bluenoise64/LDR_LLL1_44.png using Guid(15e54aa23a938444389469d53765d741) Importer(815301076,1909f56bfc062723c751e8b465ee728b) (PreviewImporter) -> (artifact id: '24c8319defbe929d0c8e1cc8149a6b0b') in 0.0204995 seconds
Number of updated asset objects reloaded before import = 0Number of asset objects unloaded after import = 2

========================================================================
Received Import Request.
  Time since last request: 0.000041 seconds.
  path: Assets/Sample/Flooded_Grounds/PostProcessing/Resources/Bluenoise64/LDR_LLL1_17.png
  artifactKey: Guid(bf95b6fdc179b0e4f890c841406193fc) Importer(815301076,1909f56bfc062723c751e8b465ee728b)
Start importing Assets/Sample/Flooded_Grounds/PostProcessing/Resources/Bluenoise64/LDR_LLL1_17.png using Guid(bf95b6fdc179b0e4f890c841406193fc) Importer(815301076,1909f56bfc062723c751e8b465ee728b) (PreviewImporter) -> (artifact id: 'ce7308eb29a4e17b475d48ef28d015ae') in 0.0211784 seconds
Number of updated asset objects reloaded before import = 0Number of asset objects unloaded after import = 2

========================================================================
Received Import Request.
  Time since last request: 0.000037 seconds.
  path: Assets/Sample/Flooded_Grounds/PostProcessing/Resources/Bluenoise64/LDR_LLL1_58.png
  artifactKey: Guid(85a45a6d8b2ffb84987d2b028ecfb220) Importer(815301076,1909f56bfc062723c751e8b465ee728b)
Start importing Assets/Sample/Flooded_Grounds/PostProcessing/Resources/Bluenoise64/LDR_LLL1_58.png using Guid(85a45a6d8b2ffb84987d2b028ecfb220) Importer(815301076,1909f56bfc062723c751e8b465ee728b) (PreviewImporter) -> (artifact id: 'f573578fa96c394427a9820a5e8f538a') in 0.0192707 seconds
Number of updated asset objects reloaded before import = 0Number of asset objects unloaded after import = 2

========================================================================
Received Import Request.
  Time since last request: 2.129878 seconds.
  path: Assets/Sample/Flooded_Grounds/PostProcessing/Resources/Shaders/Common.cginc
  artifactKey: Guid(eb88496804341c648b32a75843d92ccb) Importer(815301076,1909f56bfc062723c751e8b465ee728b)
Start importing Assets/Sample/Flooded_Grounds/PostProcessing/Resources/Shaders/Common.cginc using Guid(eb88496804341c648b32a75843d92ccb) Importer(815301076,1909f56bfc062723c751e8b465ee728b) (PreviewImporter) -> (artifact id: 'f087172e7fc943aba2a44b220f500446') in 0.0020496 seconds
Number of updated asset objects reloaded before import = 0Number of asset objects unloaded after import = 1

========================================================================
Received Import Request.
  Time since last request: 0.000035 seconds.
  path: Assets/Sample/Flooded_Grounds/PostProcessing/Resources/Shaders/DiskKernels.cginc
  artifactKey: Guid(faeb738b5a2c3ff43bd104dd5b1a275c) Importer(815301076,1909f56bfc062723c751e8b465ee728b)
Start importing Assets/Sample/Flooded_Grounds/PostProcessing/Resources/Shaders/DiskKernels.cginc using Guid(faeb738b5a2c3ff43bd104dd5b1a275c) Importer(815301076,1909f56bfc062723c751e8b465ee728b) (PreviewImporter) -> (artifact id: '55afea0259ca8a7ea4e2b9f30b200ddf') in 0.0017452 seconds
Number of updated asset objects reloaded before import = 0Number of asset objects unloaded after import = 1

========================================================================
Received Import Request.
  Time since last request: 0.000056 seconds.
  path: Assets/Sample/Flooded_Grounds/PostProcessing/Resources/Shaders/TAA.cginc
  artifactKey: Guid(241b7a6a033e9dc4da9d2595cef7f477) Importer(815301076,1909f56bfc062723c751e8b465ee728b)
Start importing Assets/Sample/Flooded_Grounds/PostProcessing/Resources/Shaders/TAA.cginc using Guid(241b7a6a033e9dc4da9d2595cef7f477) Importer(815301076,1909f56bfc062723c751e8b465ee728b) (PreviewImporter) -> (artifact id: '712f64f80da306f77e37013700053cd1') in 0.0022001 seconds
Number of updated asset objects reloaded before import = 0Number of asset objects unloaded after import = 1

========================================================================
Received Import Request.
  Time since last request: 19.394960 seconds.
  path: Assets/Sample/Flooded_Grounds/PostProcessing/Textures/Lens Dirt/LensDirt02.png
  artifactKey: Guid(a2960ffde020f27409e070d92fb2e00b) Importer(815301076,1909f56bfc062723c751e8b465ee728b)
Start importing Assets/Sample/Flooded_Grounds/PostProcessing/Textures/Lens Dirt/LensDirt02.png using Guid(a2960ffde020f27409e070d92fb2e00b) Importer(815301076,1909f56bfc062723c751e8b465ee728b) (PreviewImporter) -> (artifact id: '6f8551477346acbfdbe446d2768cc654') in 0.025479 seconds
Number of updated asset objects reloaded before import = 0Number of asset objects unloaded after import = 2

========================================================================
Received Import Request.
  Time since last request: 6.131625 seconds.
  path: Assets/Sample/Flooded_Grounds/PostProcessing/Textures/Spectral LUTs/SpectralLut_PurpleGreen.tga
  artifactKey: Guid(42183971d24cfe443a346e7ec6e83bbb) Importer(815301076,1909f56bfc062723c751e8b465ee728b)
Start importing Assets/Sample/Flooded_Grounds/PostProcessing/Textures/Spectral LUTs/SpectralLut_PurpleGreen.tga using Guid(42183971d24cfe443a346e7ec6e83bbb) Importer(815301076,1909f56bfc062723c751e8b465ee728b) (PreviewImporter) -> (artifact id: '87f7cb28f70cf2e1bd49ef5484fb7ecb') in 0.0163544 seconds
Number of updated asset objects reloaded before import = 0Number of asset objects unloaded after import = 2

========================================================================
Received Import Request.
  Time since last request: 10.678286 seconds.
  path: Assets/Sample/Flooded_Grounds/Content/Meshes/mBuildings/mVilla2/Villa2_Base_Ext_A.fbx
  artifactKey: Guid(74f74144f25a604449bde17ae6646801) Importer(815301076,1909f56bfc062723c751e8b465ee728b)
Start importing Assets/Sample/Flooded_Grounds/Content/Meshes/mBuildings/mVilla2/Villa2_Base_Ext_A.fbx using Guid(74f74144f25a604449bde17ae6646801) Importer(815301076,1909f56bfc062723c751e8b465ee728b) (PreviewImporter) -> (artifact id: 'd6d007c8ed7f6ddff534342d773b0efb') in 0.0574099 seconds
Number of updated asset objects reloaded before import = 0Number of asset objects unloaded after import = 7

========================================================================
Received Import Request.
  Time since last request: 0.000054 seconds.
  path: Assets/Sample/Flooded_Grounds/Content/Meshes/mBuildings/mVilla2/Villa2_Deco_Column_Mid_B.fbx
  artifactKey: Guid(1cc770c065d8ef34fa49da4e6d1386e1) Importer(815301076,1909f56bfc062723c751e8b465ee728b)
Start importing Assets/Sample/Flooded_Grounds/Content/Meshes/mBuildings/mVilla2/Villa2_Deco_Column_Mid_B.fbx using Guid(1cc770c065d8ef34fa49da4e6d1386e1) Importer(815301076,1909f56bfc062723c751e8b465ee728b) (PreviewImporter) -> (artifact id: 'c2cfa207471a5aebcc26a427012d8fac') in 0.0276011 seconds
Number of updated asset objects reloaded before import = 0Number of asset objects unloaded after import = 7

========================================================================
Received Import Request.
  Time since last request: 0.000063 seconds.
  path: Assets/Sample/Flooded_Grounds/Content/Meshes/mBuildings/mVilla2/Villa2_Deco_Handrail1_Cor_A_COL.fbx
  artifactKey: Guid(6f527d60810a69240aeedcfa09da64bb) Importer(815301076,1909f56bfc062723c751e8b465ee728b)
Start importing Assets/Sample/Flooded_Grounds/Content/Meshes/mBuildings/mVilla2/Villa2_Deco_Handrail1_Cor_A_COL.fbx using Guid(6f527d60810a69240aeedcfa09da64bb) Importer(815301076,1909f56bfc062723c751e8b465ee728b) (PreviewImporter) -> (artifact id: 'fc913f2ac717c19c117b5545aa59495e') in 0.0297612 seconds
Number of updated asset objects reloaded before import = 0Number of asset objects unloaded after import = 7

========================================================================
Received Import Request.
  Time since last request: 0.000033 seconds.
  path: Assets/Sample/Flooded_Grounds/Content/Meshes/mBuildings/mVilla2/Villa2_Door_A.fbx
  artifactKey: Guid(18b3a5bc912e52242b16bd2f42d6407b) Importer(815301076,1909f56bfc062723c751e8b465ee728b)
Start importing Assets/Sample/Flooded_Grounds/Content/Meshes/mBuildings/mVilla2/Villa2_Door_A.fbx using Guid(18b3a5bc912e52242b16bd2f42d6407b) Importer(815301076,1909f56bfc062723c751e8b465ee728b) (PreviewImporter) -> (artifact id: 'cc3891c92efbe13b74f4c72ee1eead9b') in 0.0250177 seconds
Number of updated asset objects reloaded before import = 0Number of asset objects unloaded after import = 7

========================================================================
Received Import Request.
  Time since last request: 0.000053 seconds.
  path: Assets/Sample/Flooded_Grounds/Content/Meshes/mBuildings/mVilla2/Villa2_Wall_Mid_C.fbx
  artifactKey: Guid(f474bed2579e4d24f93d4a697f07baf4) Importer(815301076,1909f56bfc062723c751e8b465ee728b)
Start importing Assets/Sample/Flooded_Grounds/Content/Meshes/mBuildings/mVilla2/Villa2_Wall_Mid_C.fbx using Guid(f474bed2579e4d24f93d4a697f07baf4) Importer(815301076,1909f56bfc062723c751e8b465ee728b) (PreviewImporter) -> (artifact id: '4e691fe8b14814f09b4bb6b287dde3dd') in 0.0259143 seconds
Number of updated asset objects reloaded before import = 0Number of asset objects unloaded after import = 7

========================================================================
Received Import Request.
  Time since last request: 0.000034 seconds.
  path: Assets/Sample/Flooded_Grounds/Content/Meshes/mBuildings/mVilla2/Villa2_Wall_Int_B.fbx
  artifactKey: Guid(c386420031e9c484182f7920f158c313) Importer(815301076,1909f56bfc062723c751e8b465ee728b)
Start importing Assets/Sample/Flooded_Grounds/Content/Meshes/mBuildings/mVilla2/Villa2_Wall_Int_B.fbx using Guid(c386420031e9c484182f7920f158c313) Importer(815301076,1909f56bfc062723c751e8b465ee728b) (PreviewImporter) -> (artifact id: '3bd5094d53c570f79d715e7862c12d2e') in 0.024812 seconds
Number of updated asset objects reloaded before import = 0Number of asset objects unloaded after import = 7

========================================================================
Received Import Request.
  Time since last request: 0.000038 seconds.
  path: Assets/Sample/Flooded_Grounds/Content/Meshes/mBuildings/mVilla2/Villa2_Deco_Column_Mid_A.fbx
  artifactKey: Guid(94a4dae0316550a4e9e4c2b30543c7bd) Importer(815301076,1909f56bfc062723c751e8b465ee728b)
Start importing Assets/Sample/Flooded_Grounds/Content/Meshes/mBuildings/mVilla2/Villa2_Deco_Column_Mid_A.fbx using Guid(94a4dae0316550a4e9e4c2b30543c7bd) Importer(815301076,1909f56bfc062723c751e8b465ee728b) (PreviewImporter) -> (artifact id: '9478996ae8ae30a734ea4145c80c0894') in 0.0258626 seconds
Number of updated asset objects reloaded before import = 0Number of asset objects unloaded after import = 7

========================================================================
Received Import Request.
  Time since last request: 0.000039 seconds.
  path: Assets/Sample/Flooded_Grounds/Content/Meshes/mBuildings/mVilla2/Villa2_IntStairs_B_COL.fbx
  artifactKey: Guid(ff5b3bb432adde946bb798fed576dfa6) Importer(815301076,1909f56bfc062723c751e8b465ee728b)
Start importing Assets/Sample/Flooded_Grounds/Content/Meshes/mBuildings/mVilla2/Villa2_IntStairs_B_COL.fbx using Guid(ff5b3bb432adde946bb798fed576dfa6) Importer(815301076,1909f56bfc062723c751e8b465ee728b) (PreviewImporter) -> (artifact id: 'ba8fc9735269afa67ef74786545b73b8') in 0.0253982 seconds
Number of updated asset objects reloaded before import = 0Number of asset objects unloaded after import = 7

========================================================================
Received Import Request.
  Time since last request: 0.000048 seconds.
  path: Assets/Sample/Flooded_Grounds/Content/Meshes/mBuildings/mVilla2/Villa2_Roof_Mid_A.fbx
  artifactKey: Guid(9e52b13d1b472ec4d90d7bc47e19842d) Importer(815301076,1909f56bfc062723c751e8b465ee728b)
Start importing Assets/Sample/Flooded_Grounds/Content/Meshes/mBuildings/mVilla2/Villa2_Roof_Mid_A.fbx using Guid(9e52b13d1b472ec4d90d7bc47e19842d) Importer(815301076,1909f56bfc062723c751e8b465ee728b) (PreviewImporter) -> (artifact id: 'a6136a2e34a2c773ce949b9d85e338e5') in 0.0267654 seconds
Number of updated asset objects reloaded before import = 0Number of asset objects unloaded after import = 7

========================================================================
Received Import Request.
  Time since last request: 0.000042 seconds.
  path: Assets/Sample/Flooded_Grounds/Content/Meshes/mBuildings/mVilla2/Villa2_IntStairs_A.fbx
  artifactKey: Guid(1a04044349747144d81648d9a76f2d41) Importer(815301076,1909f56bfc062723c751e8b465ee728b)
Start importing Assets/Sample/Flooded_Grounds/Content/Meshes/mBuildings/mVilla2/Villa2_IntStairs_A.fbx using Guid(1a04044349747144d81648d9a76f2d41) Importer(815301076,1909f56bfc062723c751e8b465ee728b) (PreviewImporter) -> (artifact id: '9563dbf4607d3a5ecc76054ce71f4c60') in 0.0270001 seconds
Number of updated asset objects reloaded before import = 0Number of asset objects unloaded after import = 7

========================================================================
Received Import Request.
  Time since last request: 0.000031 seconds.
  path: Assets/Sample/Flooded_Grounds/Content/Meshes/mBuildings/mVilla2/Villa2_Deco_Beam_A_2x.fbx
  artifactKey: Guid(1602a3e46699b0d49a15a46f5014b01b) Importer(815301076,1909f56bfc062723c751e8b465ee728b)
Start importing Assets/Sample/Flooded_Grounds/Content/Meshes/mBuildings/mVilla2/Villa2_Deco_Beam_A_2x.fbx using Guid(1602a3e46699b0d49a15a46f5014b01b) Importer(815301076,1909f56bfc062723c751e8b465ee728b) (PreviewImporter) -> (artifact id: 'c31674cfcbd087d79d8d902d3a158e3e') in 0.0252551 seconds
Number of updated asset objects reloaded before import = 0Number of asset objects unloaded after import = 7

Editor requested this worker to shutdown with reason: Scaling down because of idle timeout
AssetImportWorker is now disconnected from the server
Process exiting
Exiting without the bug reporter. Application will terminate with return code 0